cpu name =I7_5960X based on Haswell micro arch - Haswell-E decline - 4th generation Intel Core
 colidx: add:                    0 size:             43500060
 a: add:                    0 size:             87000120
 w: add:                    0 size:               600016
 z: add:                    0 size:               600016
 p: add:                    0 size:               600016
 r: add:                    0 size:               600016
 q: add:                    0 size:               600016
          -1
NVM
NVM
NVM
NVM
NVM
NVM
NVM
NVM
NVM
NVM
NVM
NVM
NVM
NVM
NVM
cpu name =I7_5960X based on Haswell micro arch - Haswell-E decline - 4th generation Intel Core
 colidx: add:                    0 size:             43500060
 a: add:                    0 size:             87000120
 w: add:                    0 size:               600016
 z: add:                    0 size:               600016
 p: add:                    0 size:               600016
 r: add:                    0 size:               600016
 q: add:                    0 size:               600016
          -1
NVM
NVM
NVM
NVM
NVM
NVM
NVM
NVM
NVM
NVM
NVM
NVM
NVM
NVM
NVM
cpu name =I7_5960X based on Haswell micro arch - Haswell-E decline - 4th generation Intel Core
 colidx: add:                    0 size:             43500060
 a: add:                    0 size:             87000120
 w: add:                    0 size:               600016
 z: add:                    0 size:               600016
 p: add:                    0 size:               600016
 r: add:                    0 size:               600016
 q: add:                    0 size:               600016
          -1
NVM
NVM
NVM
NVM
NVM
NVM
NVM
NVM
NVM
NVM
NVM
NVM
NVM
NVM
NVM
cpu name =I7_5960X based on Haswell micro arch - Haswell-E decline - 4th generation Intel Core
 colidx: add:                    0 size:             43500060
 a: add:                    0 size:             87000120
 w: add:                    0 size:               600016
 z: add:                    0 size:               600016
 p: add:                    0 size:               600016
 r: add:                    0 size:               600016
 q: add:                    0 size:               600016
          -1
NVM
NVM
NVM
NVM
NVM
NVM
NVM
NVM
NVM
NVM
NVM
NVM
NVM
NVM
NVM
NVM
NVM
NVM
NVM
NVM
NVM
NVM
NVM
NVM
NVM
NVM
NVM
NVM
NVM
NVM
NVM
NVM
NVM
NVM
NVM
NVM
NVM
NVM
NVM
NVM
NVM
NVM
NVM
NVM
NVM
NVM
NVM
NVM
NVM
NVM
NVM
NVM
NVM
NVM
NVM
NVM
NVM
NVM
NVM
NVM
NVM
NVM
NVM
NVM
NVM
NVM
NVM
NVM
NVM
NVM
NVM
NVM
NVM
NVM
NVM
NVM
NVM
NVM
 colidx: add:      139780827316224 size:             43500060
 a: add:      139780563300352 size:             87000120
 w: add:      139780559687680 size:               600016
 z: add:      139780562096128 size:               600016
 p: add:      139780561494016 size:               600016
 r: add:      139780560289792 size:               600016
 q: add:      139780560891904 size:               600016
NVM
NVM
NVM
NVM
NVM
NVM
NVM
NVM
NVM
NVM
NVM
NVM
NVM
NVM
NVM
NVM
NVM
NVM
NVM
NVM
NVM
NVM
NVM
NVM
NVM
NVM
NVM
NVM
NVM
NVM
NVM
NVM
NVM
NVM
NVM
 colidx: add:      140149907640320 size:             43500060
 a: add:      140149643624448 size:             87000120
 w: add:      140149640011776 size:               600016
 z: add:      140149642420224 size:               600016
 p: add:      140149641818112 size:               600016
 r: add:      140149640613888 size:               600016
 q: add:      140149641216000 size:               600016
NVM
NVM
NVM
NVM
NVM
NVM
NVM
NVM
NVM
NVM
NVM
NVM
NVM
NVM
NVM
NVM
NVM
NVM
NVM
NVM
NVM
NVM
NVM
NVM
NVM
NVM
NVM
NVM
NVM
NVM
NVM
NVM
NVM
NVM
NVM
NVM
NVM
NVM
NVM
 colidx: add:      139653458915328 size:             43500060
 a: add:      139653194899456 size:             87000120
 w: add:      139653191286784 size:               600016
 z: add:      139653193695232 size:               600016
 p: add:      139653193093120 size:               600016
 r: add:      139653191888896 size:               600016
 q: add:      139653192491008 size:               600016
NVM
NVM
NVM
NVM
NVM
NVM
NVM
NVM
NVM
NVM
NVM
NVM
NVM
NVM
NVM
NVM
NVM
NVM
NVM
NVM
NVM
NVM
NVM
NVM
NVM
NVM
NVM
NVM
NVM
NVM
NVM
 colidx: add:      140472443752448 size:             43500060
 a: add:      140472179736576 size:             87000120
 w: add:      140472176123904 size:               600016
 z: add:      140472178532352 size:               600016
 p: add:      140472177930240 size:               600016
 r: add:      140472176726016 size:               600016
 q: add:      140472177328128 size:               600016


 NAS Parallel Benchmarks 3.3 -- CG Benchmark

 Size:     150000
 Iterations:    75
 Number of active processes:     4
 Number of nonzeroes per row:       15
 Eigenvalue shift: .110E+03
phase_counter = 8
main phase = 0
loc(139780827316224) count(4) benefit: -0.010434
loc(139780563300352) count(23) benefit: -0.021023
loc(139780559687680) count(0) benefit: -999.000000
loc(139780562096128) count(0) benefit: -999.000000
loc(139780561494016) count(21) benefit: 0.000123
loc(139780560891904) count(0) benefit: -999.000000
loc(139780560289792) count(0) benefit: -999.000000
loc(0) count(0) benefit: -999.000000
loc(0) count(0) benefit: -999.000000
loc(0) count(0) benefit: -999.000000
loc(0) count(0) benefit: -999.000000
loc(0) count(0) benefit: -999.000000
loc(0) count(0) benefit: -999.000000
loc(0) count(0) benefit: -999.000000
loc(0) count(0) benefit: -999.000000
loc(0) count(0) benefit: -999.000000
main phase = 1
loc(139780827316224) count(0) benefit: -999.000000
loc(139780563300352) count(0) benefit: -999.000000
loc(139780559687680) count(0) benefit: -999.000000
loc(139780562096128) count(0) benefit: -999.000000
loc(139780561494016) count(0) benefit: -999.000000
loc(139780560891904) count(0) benefit: -999.000000
loc(139780560289792) count(0) benefit: -999.000000
loc(0) count(0) benefit: -999.000000
loc(0) count(0) benefit: -999.000000
loc(0) count(0) benefit: -999.000000
loc(0) count(0) benefit: -999.000000
loc(0) count(0) benefit: -999.000000
loc(0) count(0) benefit: -999.000000
loc(0) count(0) benefit: -999.000000
loc(0) count(0) benefit: -999.000000
loc(0) count(0) benefit: -999.000000
main phase = 2
loc(139780827316224) count(0) benefit: -999.000000
loc(139780563300352) count(0) benefit: -999.000000
loc(139780559687680) count(0) benefit: -999.000000
loc(139780562096128) count(0) benefit: -999.000000
loc(139780561494016) count(0) benefit: -999.000000
loc(139780560891904) count(0) benefit: -999.000000
loc(139780560289792) count(0) benefit: -999.000000
loc(0) count(0) benefit: -999.000000
loc(0) count(0) benefit: -999.000000
loc(0) count(0) benefit: -999.000000
loc(0) count(0) benefit: -999.000000
loc(0) count(0) benefit: -999.000000
loc(0) count(0) benefit: -999.000000
loc(0) count(0) benefit: -999.000000
loc(0) count(0) benefit: -999.000000
loc(0) count(0) benefit: -999.000000
main phase = 3
loc(139780827316224) count(0) benefit: -999.000000
loc(139780563300352) count(0) benefit: -999.000000
loc(139780559687680) count(0) benefit: -999.000000
loc(139780562096128) count(0) benefit: -999.000000
loc(139780561494016) count(0) benefit: -999.000000
loc(139780560891904) count(0) benefit: -999.000000
loc(139780560289792) count(0) benefit: -999.000000
loc(0) count(0) benefit: -999.000000
loc(0) count(0) benefit: -999.000000
loc(0) count(0) benefit: -999.000000
loc(0) count(0) benefit: -999.000000
loc(0) count(0) benefit: -999.000000
loc(0) count(0) benefit: -999.000000
loc(0) count(0) benefit: -999.000000
loc(0) count(0) benefit: -999.000000
loc(0) count(0) benefit: -999.000000
main phase = 4
loc(139780827316224) count(0) benefit: -999.000000
loc(139780563300352) count(0) benefit: -999.000000
loc(139780559687680) count(0) benefit: -999.000000
loc(139780562096128) count(0) benefit: -999.000000
loc(139780561494016) count(0) benefit: -999.000000
loc(139780560891904) count(0) benefit: -999.000000
loc(139780560289792) count(0) benefit: -999.000000
loc(0) count(0) benefit: -999.000000
loc(0) count(0) benefit: -999.000000
loc(0) count(0) benefit: -999.000000
loc(0) count(0) benefit: -999.000000
loc(0) count(0) benefit: -999.000000
loc(0) count(0) benefit: -999.000000
loc(0) count(0) benefit: -999.000000
loc(0) count(0) benefit: -999.000000
loc(0) count(0) benefit: -999.000000
main phase = 5
loc(139780827316224) count(0) benefit: -999.000000
loc(139780563300352) count(0) benefit: -999.000000
loc(139780559687680) count(0) benefit: -999.000000
loc(139780562096128) count(0) benefit: -999.000000
loc(139780561494016) count(0) benefit: -999.000000
loc(139780560891904) count(0) benefit: -999.000000
loc(139780560289792) count(0) benefit: -999.000000
loc(0) count(0) benefit: -999.000000
loc(0) count(0) benefit: -999.000000
loc(0) count(0) benefit: -999.000000
loc(0) count(0) benefit: -999.000000
loc(0) count(0) benefit: -999.000000
loc(0) count(0) benefit: -999.000000
loc(0) count(0) benefit: -999.000000
loc(0) count(0) benefit: -999.000000
loc(0) count(0) benefit: -999.000000
main phase = 6
loc(139780827316224) count(0) benefit: -999.000000
loc(139780563300352) count(0) benefit: -999.000000
loc(139780559687680) count(0) benefit: -999.000000
loc(139780562096128) count(0) benefit: -999.000000
loc(139780561494016) count(0) benefit: -999.000000
loc(139780560891904) count(0) benefit: -999.000000
loc(139780560289792) count(0) benefit: -999.000000
loc(0) count(0) benefit: -999.000000
loc(0) count(0) benefit: -999.000000
loc(0) count(0) benefit: -999.000000
loc(0) count(0) benefit: -999.000000
loc(0) count(0) benefit: -999.000000
loc(0) count(0) benefit: -999.000000
loc(0) count(0) benefit: -999.000000
loc(0) count(0) benefit: -999.000000
loc(0) count(0) benefit: -999.000000
main phase = 7
loc(139780827316224) count(0) benefit: -999.000000
loc(139780563300352) count(0) benefit: -999.000000
loc(139780559687680) count(0) benefit: -999.000000
loc(139780562096128) count(0) benefit: -999.000000
loc(139780561494016) count(0) benefit: -999.000000
loc(139780560891904) count(0) benefit: -999.000000
loc(139780560289792) count(0) benefit: -999.000000
loc(0) count(0) benefit: -999.000000
loc(0) count(0) benefit: -999.000000
loc(0) count(0) benefit: -999.000000
loc(0) count(0) benefit: -999.000000
loc(0) count(0) benefit: -999.000000
loc(0) count(0) benefit: -999.000000
loc(0) count(0) benefit: -999.000000
loc(0) count(0) benefit: -999.000000
loc(0) count(0) benefit: -999.000000
gloabl_view loc(139780827316224) size= 43 count(4)  benefit: 0.000023 flag = 1
gloabl_view loc(139780563300352) size= 87 count(23)  benefit: 0.000135 flag = 1
gloabl_view loc(139780559687680) size= 0 count(0)  benefit: -999.000000 flag = 0
gloabl_view loc(139780562096128) size= 0 count(0)  benefit: -999.000000 flag = 0
gloabl_view loc(139780561494016) size= 0 count(21)  benefit: 0.000123 flag = 1
gloabl_view loc(139780560891904) size= 0 count(0)  benefit: -999.000000 flag = 0
gloabl_view loc(139780560289792) size= 0 count(0)  benefit: -999.000000 flag = 0
gloabl_view loc(0) size= 0 count(0)  benefit: -999.000000 flag = 0
gloabl_view loc(0) size= 0 count(0)  benefit: -999.000000 flag = 0
gloabl_view loc(0) size= 0 count(0)  benefit: -999.000000 flag = 0
gloabl_view loc(0) size= 0 count(0)  benefit: -999.000000 flag = 0
gloabl_view loc(0) size= 0 count(0)  benefit: -999.000000 flag = 0
gloabl_view loc(0) size= 0 count(0)  benefit: -999.000000 flag = 0
gloabl_view loc(0) size= 0 count(0)  benefit: -999.000000 flag = 0
gloabl_view loc(0) size= 0 count(0)  benefit: -999.000000 flag = 0
gloabl_view loc(0) size= 0 count(0)  benefit: -999.000000 flag = 0
benefit_local = 0.000123 
benefit_gloabl = 0.000282 
phase_counter = 8
main phase = 0
loc(139653458915328) count(3) benefit: -0.010440
loc(139653194899456) count(16) benefit: -0.021064
loc(139653191286784) count(0) benefit: -999.000000
loc(139653193695232) count(0) benefit: -999.000000
loc(139653193093120) count(22) benefit: 0.000129
loc(139653192491008) count(0) benefit: -999.000000
loc(139653191888896) count(0) benefit: -999.000000
loc(0) count(0) benefit: -999.000000
loc(0) count(0) benefit: -999.000000
loc(0) count(0) benefit: -999.000000
loc(0) count(0) benefit: -999.000000
loc(0) count(0) benefit: -999.000000
loc(0) count(0) benefit: -999.000000
loc(0) count(0) benefit: -999.000000
loc(0) count(0) benefit: -999.000000
loc(0) count(0) benefit: -999.000000
main phase = 1
loc(139653458915328) count(0) benefit: -999.000000
loc(139653194899456) count(0) benefit: -999.000000
loc(139653191286784) count(0) benefit: -999.000000
loc(139653193695232) count(0) benefit: -999.000000
loc(139653193093120) count(0) benefit: -999.000000
loc(139653192491008) count(0) benefit: -999.000000
loc(139653191888896) count(0) benefit: -999.000000
loc(0) count(0) benefit: -999.000000
loc(0) count(0) benefit: -999.000000
loc(0) count(0) benefit: -999.000000
loc(0) count(0) benefit: -999.000000
loc(0) count(0) benefit: -999.000000
loc(0) count(0) benefit: -999.000000
loc(0) count(0) benefit: -999.000000
loc(0) count(0) benefit: -999.000000
loc(0) count(0) benefit: -999.000000
main phase = 2
loc(139653458915328) count(0) benefit: -999.000000
loc(139653194899456) count(0) benefit: -999.000000
loc(139653191286784) count(0) benefit: -999.000000
loc(139653193695232) count(0) benefit: -999.000000
loc(139653193093120) count(0) benefit: -999.000000
loc(139653192491008) count(0) benefit: -999.000000
loc(139653191888896) count(0) benefit: -999.000000
loc(0) count(0) benefit: -999.000000
loc(0) count(0) benefit: -999.000000
loc(0) count(0) benefit: -999.000000
loc(0) count(0) benefit: -999.000000
loc(0) count(0) benefit: -999.000000
loc(0) count(0) benefit: -999.000000
loc(0) count(0) benefit: -999.000000
loc(0) count(0) benefit: -999.000000
loc(0) count(0) benefit: -999.000000
main phase = 3
loc(139653458915328) count(0) benefit: -999.000000
loc(139653194899456) count(0) benefit: -999.000000
loc(139653191286784) count(0) benefit: -999.000000
loc(139653193695232) count(0) benefit: -999.000000
loc(139653193093120) count(0) benefit: -999.000000
loc(139653192491008) count(0) benefit: -999.000000
loc(139653191888896) count(0) benefit: -999.000000
loc(0) count(0) benefit: -999.000000
loc(0) count(0) benefit: -999.000000
loc(0) count(0) benefit: -999.000000
loc(0) count(0) benefit: -999.000000
loc(0) count(0) benefit: -999.000000
loc(0) count(0) benefit: -999.000000
loc(0) count(0) benefit: -999.000000
loc(0) count(0) benefit: -999.000000
loc(0) count(0) benefit: -999.000000
main phase = 4
loc(139653458915328) count(0) benefit: -999.000000
loc(139653194899456) count(0) benefit: -999.000000
loc(139653191286784) count(0) benefit: -999.000000
loc(139653193695232) count(0) benefit: -999.000000
loc(139653193093120) count(0) benefit: -999.000000
loc(139653192491008) count(0) benefit: -999.000000
loc(139653191888896) count(0) benefit: -999.000000
loc(0) count(0) benefit: -999.000000
loc(0) count(0) benefit: -999.000000
loc(0) count(0) benefit: -999.000000
loc(0) count(0) benefit: -999.000000
loc(0) count(0) benefit: -999.000000
loc(0) count(0) benefit: -999.000000
loc(0) count(0) benefit: -999.000000
loc(0) count(0) benefit: -999.000000
loc(0) count(0) benefit: -999.000000
main phase = 5
loc(139653458915328) count(0) benefit: -999.000000
loc(139653194899456) count(0) benefit: -999.000000
loc(139653191286784) count(0) benefit: -999.000000
loc(139653193695232) count(0) benefit: -999.000000
loc(139653193093120) count(0) benefit: -999.000000
loc(139653192491008) count(0) benefit: -999.000000
loc(139653191888896) count(0) benefit: -999.000000
loc(0) count(0) benefit: -999.000000
loc(0) count(0) benefit: -999.000000
loc(0) count(0) benefit: -999.000000
loc(0) count(0) benefit: -999.000000
loc(0) count(0) benefit: -999.000000
loc(0) count(0) benefit: -999.000000
loc(0) count(0) benefit: -999.000000
loc(0) count(0) benefit: -999.000000
loc(0) count(0) benefit: -999.000000
main phase = 6
loc(139653458915328) count(0) benefit: -999.000000
loc(139653194899456) count(0) benefit: -999.000000
loc(139653191286784) count(0) benefit: -999.000000
loc(139653193695232) count(0) benefit: -999.000000
loc(139653193093120) count(0) benefit: -999.000000
loc(139653192491008) count(0) benefit: -999.000000
loc(139653191888896) count(0) benefit: -999.000000
loc(0) count(0) benefit: -999.000000
loc(0) count(0) benefit: -999.000000
loc(0) count(0) benefit: -999.000000
loc(0) count(0) benefit: -999.000000
loc(0) count(0) benefit: -999.000000
loc(0) count(0) benefit: -999.000000
loc(0) count(0) benefit: -999.000000
loc(0) count(0) benefit: -999.000000
loc(0) count(0) benefit: -999.000000
main phase = 7
loc(139653458915328) count(0) benefit: -999.000000
loc(139653194899456) count(0) benefit: -999.000000
loc(139653191286784) count(0) benefit: -999.000000
loc(139653193695232) count(0) benefit: -999.000000
loc(139653193093120) count(0) benefit: -999.000000
loc(139653192491008) count(0) benefit: -999.000000
loc(139653191888896) count(0) benefit: -999.000000
loc(0) count(0) benefit: -999.000000
loc(0) count(0) benefit: -999.000000
loc(0) count(0) benefit: -999.000000
loc(0) count(0) benefit: -999.000000
loc(0) count(0) benefit: -999.000000
loc(0) count(0) benefit: -999.000000
loc(0) count(0) benefit: -999.000000
loc(0) count(0) benefit: -999.000000
loc(0) count(0) benefit: -999.000000
gloabl_view loc(139653458915328) size= 43 count(3)  benefit: 0.000018 flag = 1
gloabl_view loc(139653194899456) size= 87 count(16)  benefit: 0.000094 flag = 1
gloabl_view loc(139653191286784) size= 0 count(0)  benefit: -999.000000 flag = 0
gloabl_view loc(139653193695232) size= 0 count(0)  benefit: -999.000000 flag = 0
gloabl_view loc(139653193093120) size= 0 count(22)  benefit: 0.000129 flag = 1
gloabl_view loc(139653192491008) size= 0 count(0)  benefit: -999.000000 flag = 0
gloabl_view loc(139653191888896) size= 0 count(0)  benefit: -999.000000 flag = 0
gloabl_view loc(0) size= 0 count(0)  benefit: -999.000000 flag = 0
gloabl_view loc(0) size= 0 count(0)  benefit: -999.000000 flag = 0
gloabl_view loc(0) size= 0 count(0)  benefit: -999.000000 flag = 0
gloabl_view loc(0) size= 0 count(0)  benefit: -999.000000 flag = 0
gloabl_view loc(0) size= 0 count(0)  benefit: -999.000000 flag = 0
gloabl_view loc(0) size= 0 count(0)  benefit: -999.000000 flag = 0
gloabl_view loc(0) size= 0 count(0)  benefit: -999.000000 flag = 0
gloabl_view loc(0) size= 0 count(0)  benefit: -999.000000 flag = 0
gloabl_view loc(0) size= 0 count(0)  benefit: -999.000000 flag = 0
benefit_local = 0.000129 
benefit_gloabl = 0.000241 
phase_counter = 8
main phase = 0
loc(140472443752448) count(2) benefit: -0.010445
loc(140472179736576) count(24) benefit: -0.021017
loc(140472176123904) count(0) benefit: -999.000000
loc(140472178532352) count(0) benefit: -999.000000
loc(140472177930240) count(24) benefit: 0.000141
loc(140472177328128) count(0) benefit: -999.000000
loc(140472176726016) count(0) benefit: -999.000000
loc(0) count(0) benefit: -999.000000
loc(0) count(0) benefit: -999.000000
loc(0) count(0) benefit: -999.000000
loc(0) count(0) benefit: -999.000000
loc(0) count(0) benefit: -999.000000
loc(0) count(0) benefit: -999.000000
loc(0) count(0) benefit: -999.000000
loc(0) count(0) benefit: -999.000000
loc(0) count(0) benefit: -999.000000
main phase = 1
loc(140472443752448) count(0) benefit: -999.000000
loc(140472179736576) count(0) benefit: -999.000000
loc(140472176123904) count(0) benefit: -999.000000
loc(140472178532352) count(0) benefit: -999.000000
loc(140472177930240) count(0) benefit: -999.000000
loc(140472177328128) count(0) benefit: -999.000000
loc(140472176726016) count(0) benefit: -999.000000
loc(0) count(0) benefit: -999.000000
loc(0) count(0) benefit: -999.000000
loc(0) count(0) benefit: -999.000000
loc(0) count(0) benefit: -999.000000
loc(0) count(0) benefit: -999.000000
loc(0) count(0) benefit: -999.000000
loc(0) count(0) benefit: -999.000000
loc(0) count(0) benefit: -999.000000
loc(0) count(0) benefit: -999.000000
main phase = 2
loc(140472443752448) count(0) benefit: -999.000000
loc(140472179736576) count(0) benefit: -999.000000
loc(140472176123904) count(0) benefit: -999.000000
loc(140472178532352) count(0) benefit: -999.000000
loc(140472177930240) count(0) benefit: -999.000000
loc(140472177328128) count(0) benefit: -999.000000
loc(140472176726016) count(0) benefit: -999.000000
loc(0) count(0) benefit: -999.000000
loc(0) count(0) benefit: -999.000000
loc(0) count(0) benefit: -999.000000
loc(0) count(0) benefit: -999.000000
loc(0) count(0) benefit: -999.000000
loc(0) count(0) benefit: -999.000000
loc(0) count(0) benefit: -999.000000
loc(0) count(0) benefit: -999.000000
loc(0) count(0) benefit: -999.000000
main phase = 3
loc(140472443752448) count(0) benefit: -999.000000
loc(140472179736576) count(0) benefit: -999.000000
loc(140472176123904) count(0) benefit: -999.000000
loc(140472178532352) count(0) benefit: -999.000000
loc(140472177930240) count(0) benefit: -999.000000
loc(140472177328128) count(0) benefit: -999.000000
loc(140472176726016) count(0) benefit: -999.000000
loc(0) count(0) benefit: -999.000000
loc(0) count(0) benefit: -999.000000
loc(0) count(0) benefit: -999.000000
loc(0) count(0) benefit: -999.000000
loc(0) count(0) benefit: -999.000000
loc(0) count(0) benefit: -999.000000
loc(0) count(0) benefit: -999.000000
loc(0) count(0) benefit: -999.000000
loc(0) count(0) benefit: -999.000000
phase_counter = 8
main phase = 0
loc(140149907640320) count(5) benefit: -0.010428
loc(140149643624448) count(17) benefit: -0.021058
loc(140149640011776) count(0) benefit: -999.000000
loc(140149642420224) count(0) benefit: -999.000000
loc(140149641818112) count(27) benefit: 0.000158
loc(140149641216000) count(0) benefit: -999.000000
loc(140149640613888) count(0) benefit: -999.000000
loc(0) count(0) benefit: -999.000000
loc(0) count(0) benefit: -999.000000
loc(0) count(0) benefit: -999.000000
loc(0) count(0) benefit: -999.000000
loc(0) count(0) benefit: -999.000000
loc(0) count(0) benefit: -999.000000
loc(0) count(0) benefit: -999.000000
loc(0) count(0) benefit: -999.000000
loc(0) count(0) benefit: -999.000000
main phase = 1
loc(140149907640320) count(0) benefit: -999.000000
loc(140149643624448) count(0) benefit: -999.000000
loc(140149640011776) count(0) benefit: -999.000000
loc(140149642420224) count(0) benefit: -999.000000
loc(140149641818112) count(0) benefit: -999.000000
loc(140149641216000) count(0) benefit: -999.000000
main phase = 4
loc(140472443752448) count(0) benefit: -999.000000
loc(140472179736576) count(0) benefit: -999.000000
loc(140472176123904) count(0) benefit: -999.000000
loc(140472178532352) count(0) benefit: -999.000000
loc(140472177930240) count(0) benefit: -999.000000
loc(140472177328128) count(0) benefit: -999.000000
loc(140472176726016) count(0) benefit: -999.000000
loc(0) count(0) benefit: -999.000000
loc(0) count(0) benefit: -999.000000
loc(0) count(0) benefit: -999.000000
loc(0) count(0) benefit: -999.000000
loc(0) count(0) benefit: -999.000000
loc(0) count(0) benefit: -999.000000
loc(0) count(0) benefit: -999.000000
loc(0) count(0) benefit: -999.000000
loc(0) count(0) benefit: -999.000000
loc(140149640613888) count(0) benefit: -999.000000
loc(0) count(0) benefit: -999.000000
loc(0) count(0) benefit: -999.000000
loc(0) count(0) benefit: -999.000000
loc(0) count(0) benefit: -999.000000
loc(0) count(0) benefit: -999.000000
loc(0) count(0) benefit: -999.000000
loc(0) count(0) benefit: -999.000000
loc(0) count(0) benefit: -999.000000
loc(0) count(0) benefit: -999.000000
main phase = 5
loc(140472443752448) count(0) benefit: -999.000000
loc(140472179736576) count(0) benefit: -999.000000
loc(140472176123904) count(0) benefit: -999.000000
loc(140472178532352) count(0) benefit: -999.000000
loc(140472177930240) count(0) benefit: -999.000000
loc(140472177328128) count(0) benefit: -999.000000
loc(140472176726016) count(0) benefit: -999.000000
loc(0) count(0) benefit: -999.000000
loc(0) count(0) benefit: -999.000000
loc(0) count(0) benefit: -999.000000
loc(0) count(0) benefit: -999.000000
loc(0) count(0) benefit: -999.000000
loc(0) count(0) benefit: -999.000000
loc(0) count(0) benefit: -999.000000
loc(0) count(0) benefit: -999.000000
loc(0) count(0) benefit: -999.000000
main phase = 6
loc(140472443752448) count(0) benefit: -999.000000
loc(140472179736576) count(0) benefit: -999.000000
loc(140472176123904) count(0) benefit: -999.000000
loc(140472178532352) count(0) benefit: -999.000000
loc(140472177930240) count(0) benefit: -999.000000
loc(140472177328128) count(0) benefit: -999.000000
loc(140472176726016) count(0) benefit: -999.000000
loc(0) count(0) benefit: -999.000000
loc(0) count(0) benefit: -999.000000
loc(0) count(0) benefit: -999.000000
loc(0) count(0) benefit: -999.000000
loc(0) count(0) benefit: -999.000000
loc(0) count(0) benefit: -999.000000
loc(0) count(0) benefit: -999.000000
loc(0) count(0) benefit: -999.000000
loc(0) count(0) benefit: -999.000000
main phase = 7
loc(140472443752448) count(0) benefit: -999.000000
loc(140472179736576) count(0) benefit: -999.000000
loc(140472176123904) count(0) benefit: -999.000000
loc(140472178532352) count(0) benefit: -999.000000
loc(140472177930240) count(0) benefit: -999.000000
loc(140472177328128) count(0) benefit: -999.000000
loc(140472176726016) count(0) benefit: -999.000000
loc(0) count(0) benefit: -999.000000
loc(0) count(0) benefit: -999.000000
loc(0) count(0) benefit: -999.000000
loc(0) count(0) benefit: -999.000000
loc(0) count(0) benefit: -999.000000
loc(0) count(0) benefit: -999.000000
loc(0) count(0) benefit: -999.000000
loc(0) count(0) benefit: -999.000000
loc(0) count(0) benefit: -999.000000
gloabl_view loc(140472443752448) size= 43 count(2)  benefit: 0.000012 flag = 1
gloabl_view loc(140472179736576) size= 87 count(24)  benefit: 0.000141 flag = 1
gloabl_view loc(140472176123904) size= 0 count(0)  benefit: -999.000000 flag = 0
gloabl_view loc(140472178532352) size= 0 count(0)  benefit: -999.000000 flag = 0
gloabl_view loc(140472177930240) size= 0 count(24)  benefit: 0.000141 flag = 1
gloabl_view loc(140472177328128) size= 0 count(0)  benefit: -999.000000 flag = 0
gloabl_view loc(140472176726016) size= 0 count(0)  benefit: -999.000000 flag = 0
gloabl_view loc(0) size= 0 count(0)  benefit: -999.000000 flag = 0
gloabl_view loc(0) size= 0 count(0)  benefit: -999.000000 flag = 0
gloabl_view loc(0) size= 0 count(0)  benefit: -999.000000 flag = 0
gloabl_view loc(0) size= 0 count(0)  benefit: -999.000000 flag = 0
gloabl_view loc(0) size= 0 count(0)  benefit: -999.000000 flag = 0
gloabl_view loc(0) size= 0 count(0)  benefit: -999.000000 flag = 0
gloabl_view loc(0) size= 0 count(0)  benefit: -999.000000 flag = 0
gloabl_view loc(0) size= 0 count(0)  benefit: -999.000000 flag = 0
gloabl_view loc(0) size= 0 count(0)  benefit: -999.000000 flag = 0
benefit_local = 0.000141 
benefit_gloabl = 0.000293 
main phase = 2
loc(140149907640320) count(0) benefit: -999.000000
loc(140149643624448) count(0) benefit: -999.000000
loc(140149640011776) count(0) benefit: -999.000000
loc(140149642420224) count(0) benefit: -999.000000
loc(140149641818112) count(0) benefit: -999.000000
loc(140149641216000) count(0) benefit: -999.000000
loc(140149640613888) count(0) benefit: -999.000000
loc(0) count(0) benefit: -999.000000
loc(0) count(0) benefit: -999.000000
loc(0) count(0) benefit: -999.000000
loc(0) count(0) benefit: -999.000000
loc(0) count(0) benefit: -999.000000
loc(0) count(0) benefit: -999.000000
loc(0) count(0) benefit: -999.000000
loc(0) count(0) benefit: -999.000000
loc(0) count(0) benefit: -999.000000
main phase = 3
loc(140149907640320) count(0) benefit: -999.000000
loc(140149643624448) count(0) benefit: -999.000000
loc(140149640011776) count(0) benefit: -999.000000
loc(140149642420224) count(0) benefit: -999.000000
loc(140149641818112) count(0) benefit: -999.000000
loc(140149641216000) count(0) benefit: -999.000000
loc(140149640613888) count(0) benefit: -999.000000
loc(0) count(0) benefit: -999.000000
loc(0) count(0) benefit: -999.000000
loc(0) count(0) benefit: -999.000000
loc(0) count(0) benefit: -999.000000
loc(0) count(0) benefit: -999.000000
loc(0) count(0) benefit: -999.000000
loc(0) count(0) benefit: -999.000000
loc(0) count(0) benefit: -999.000000
loc(0) count(0) benefit: -999.000000
main phase = 4
loc(140149907640320) count(0) benefit: -999.000000
loc(140149643624448) count(0) benefit: -999.000000
loc(140149640011776) count(0) benefit: -999.000000
loc(140149642420224) count(0) benefit: -999.000000
loc(140149641818112) count(0) benefit: -999.000000
loc(140149641216000) count(0) benefit: -999.000000
loc(140149640613888) count(0) benefit: -999.000000
loc(0) count(0) benefit: -999.000000
loc(0) count(0) benefit: -999.000000
loc(0) count(0) benefit: -999.000000
loc(0) count(0) benefit: -999.000000
loc(0) count(0) benefit: -999.000000
loc(0) count(0) benefit: -999.000000
loc(0) count(0) benefit: -999.000000
loc(0) count(0) benefit: -999.000000
loc(0) count(0) benefit: -999.000000
main phase = 5
loc(140149907640320) count(0) benefit: -999.000000
loc(140149643624448) count(0) benefit: -999.000000
loc(140149640011776) count(0) benefit: -999.000000
loc(140149642420224) count(0) benefit: -999.000000
loc(140149641818112) count(0) benefit: -999.000000
loc(140149641216000) count(0) benefit: -999.000000
loc(140149640613888) count(0) benefit: -999.000000
loc(0) count(0) benefit: -999.000000
loc(0) count(0) benefit: -999.000000
loc(0) count(0) benefit: -999.000000
loc(0) count(0) benefit: -999.000000
loc(0) count(0) benefit: -999.000000
loc(0) count(0) benefit: -999.000000
loc(0) count(0) benefit: -999.000000
loc(0) count(0) benefit: -999.000000
loc(0) count(0) benefit: -999.000000
main phase = 6
loc(140149907640320) count(0) benefit: -999.000000
loc(140149643624448) count(0) benefit: -999.000000
loc(140149640011776) count(0) benefit: -999.000000
loc(140149642420224) count(0) benefit: -999.000000
loc(140149641818112) count(0) benefit: -999.000000
loc(140149641216000) count(0) benefit: -999.000000
loc(140149640613888) count(0) benefit: -999.000000
loc(0) count(0) benefit: -999.000000
loc(0) count(0) benefit: -999.000000
loc(0) count(0) benefit: -999.000000
loc(0) count(0) benefit: -999.000000
loc(0) count(0) benefit: -999.000000
loc(0) count(0) benefit: -999.000000
loc(0) count(0) benefit: -999.000000
loc(0) count(0) benefit: -999.000000
loc(0) count(0) benefit: -999.000000
main phase = 7
loc(140149907640320) count(0) benefit: -999.000000
loc(140149643624448) count(0) benefit: -999.000000
loc(140149640011776) count(0) benefit: -999.000000
loc(140149642420224) count(0) benefit: -999.000000
loc(140149641818112) count(0) benefit: -999.000000
loc(140149641216000) count(0) benefit: -999.000000
loc(140149640613888) count(0) benefit: -999.000000
loc(0) count(0) benefit: -999.000000
loc(0) count(0) benefit: -999.000000
loc(0) count(0) benefit: -999.000000
loc(0) count(0) benefit: -999.000000
loc(0) count(0) benefit: -999.000000
loc(0) count(0) benefit: -999.000000
loc(0) count(0) benefit: -999.000000
loc(0) count(0) benefit: -999.000000
loc(0) count(0) benefit: -999.000000
gloabl_view loc(140149907640320) size= 43 count(5)  benefit: 0.000029 flag = 1
gloabl_view loc(140149643624448) size= 87 count(17)  benefit: 0.000100 flag = 1
gloabl_view loc(140149640011776) size= 0 count(0)  benefit: -999.000000 flag = 0
gloabl_view loc(140149642420224) size= 0 count(0)  benefit: -999.000000 flag = 0
gloabl_view loc(140149641818112) size= 0 count(27)  benefit: 0.000158 flag = 1
gloabl_view loc(140149641216000) size= 0 count(0)  benefit: -999.000000 flag = 0
gloabl_view loc(140149640613888) size= 0 count(0)  benefit: -999.000000 flag = 0
gloabl_view loc(0) size= 0 count(0)  benefit: -999.000000 flag = 0
gloabl_view loc(0) size= 0 count(0)  benefit: -999.000000 flag = 0
gloabl_view loc(0) size= 0 count(0)  benefit: -999.000000 flag = 0
gloabl_view loc(0) size= 0 count(0)  benefit: -999.000000 flag = 0
gloabl_view loc(0) size= 0 count(0)  benefit: -999.000000 flag = 0
gloabl_view loc(0) size= 0 count(0)  benefit: -999.000000 flag = 0
gloabl_view loc(0) size= 0 count(0)  benefit: -999.000000 flag = 0
gloabl_view loc(0) size= 0 count(0)  benefit: -999.000000 flag = 0
gloabl_view loc(0) size= 0 count(0)  benefit: -999.000000 flag = 0
benefit_local = 0.000158 
benefit_gloabl = 0.000288 
total_phase = 8
total_phase = 8
total_phase = 8
total_phase = 8
phase_counter = 8
main phase = 0
loc(140471895076864) count(2) benefit: -0.010445
loc(140471808073728) count(14) benefit: -0.021075
loc(140472176123904) count(0) benefit: -999.000000
loc(140472178532352) count(0) benefit: -999.000000
loc(140472048386048) count(28) benefit: 0.000164
loc(140472177328128) count(0) benefit: -999.000000
loc(140472176726016) count(0) benefit: -999.000000
loc(0) count(0) benefit: -999.000000
loc(0) count(0) benefit: -999.000000
loc(0) count(0) benefit: -999.000000
loc(0) count(0) benefit: -999.000000
loc(0) count(0) benefit: -999.000000
loc(0) count(0) benefit: -999.000000
loc(0) count(0) benefit: -999.000000
loc(0) count(0) benefit: -999.000000
loc(0) count(0) benefit: -999.000000
main phase = 1
loc(140471895076864) count(0) benefit: -999.000000
loc(140471808073728) count(0) benefit: -999.000000
loc(140472176123904) count(0) benefit: -999.000000
loc(140472178532352) count(0) benefit: -999.000000
loc(140472048386048) count(0) benefit: -999.000000
loc(140472177328128) count(0) benefit: -999.000000
loc(140472176726016) count(0) benefit: -999.000000
loc(0) count(0) benefit: -999.000000
loc(0) count(0) benefit: -999.000000
loc(0) count(0) benefit: -999.000000
loc(0) count(0) benefit: -999.000000
loc(0) count(0) benefit: -999.000000
loc(0) count(0) benefit: -999.000000
loc(0) count(0) benefit: -999.000000
loc(0) count(0) benefit: -999.000000
loc(0) count(0) benefit: -999.000000
main phase = 2
loc(140471895076864) count(0) benefit: -999.000000
loc(140471808073728) count(0) benefit: -999.000000
loc(140472176123904) count(0) benefit: -999.000000
loc(140472178532352) count(0) benefit: -999.000000
loc(140472048386048) count(0) benefit: -999.000000
loc(140472177328128) count(0) benefit: -999.000000
loc(140472176726016) count(0) benefit: -999.000000
loc(0) count(0) benefit: -999.000000
loc(0) count(0) benefit: -999.000000
loc(0) count(0) benefit: -999.000000
loc(0) count(0) benefit: -999.000000
loc(0) count(0) benefit: -999.000000
loc(0) count(0) benefit: -999.000000
loc(0) count(0) benefit: -999.000000
loc(0) count(0) benefit: -999.000000
loc(0) count(0) benefit: -999.000000
main phase = 3
loc(140471895076864) count(0) benefit: -999.000000
loc(140471808073728) count(0) benefit: -999.000000
loc(140472176123904) count(0) benefit: -999.000000
loc(140472178532352) count(0) benefit: -999.000000
loc(140472048386048) count(0) benefit: -999.000000
loc(140472177328128) count(0) benefit: -999.000000
loc(140472176726016) count(0) benefit: -999.000000
loc(0) count(0) benefit: -999.000000
loc(0) count(0) benefit: -999.000000
loc(0) count(0) benefit: -999.000000
loc(0) count(0) benefit: -999.000000
loc(0) count(0) benefit: -999.000000
loc(0) count(0) benefit: -999.000000
loc(0) count(0) benefit: -999.000000
loc(0) count(0) benefit: -999.000000
loc(0) count(0) benefit: -999.000000
main phase = 4
loc(140471895076864) count(0) benefit: -999.000000
loc(140471808073728) count(0) benefit: -999.000000
loc(140472176123904) count(0) benefit: -999.000000
loc(140472178532352) count(0) benefit: -999.000000
loc(140472048386048) count(0) benefit: -999.000000
loc(140472177328128) count(0) benefit: -999.000000
loc(140472176726016) count(0) benefit: -999.000000
loc(0) count(0) benefit: -999.000000
loc(0) count(0) benefit: -999.000000
loc(0) count(0) benefit: -999.000000
loc(0) count(0) benefit: -999.000000
loc(0) count(0) benefit: -999.000000
loc(0) count(0) benefit: -999.000000
loc(0) count(0) benefit: -999.000000
loc(0) count(0) benefit: -999.000000
loc(0) count(0) benefit: -999.000000
main phase = 5
loc(140471895076864) count(0) benefit: -999.000000
loc(140471808073728) count(0) benefit: -999.000000
loc(140472176123904) count(0) benefit: -999.000000
loc(140472178532352) count(0) benefit: -999.000000
loc(140472048386048) count(0) benefit: -999.000000
loc(140472177328128) count(0) benefit: -999.000000
loc(140472176726016) count(0) benefit: -999.000000
loc(0) count(0) benefit: -999.000000
loc(0) count(0) benefit: -999.000000
loc(0) count(0) benefit: -999.000000
loc(0) count(0) benefit: -999.000000
loc(0) count(0) benefit: -999.000000
loc(0) count(0) benefit: -999.000000
loc(0) count(0) benefit: -999.000000
loc(0) count(0) benefit: -999.000000
loc(0) count(0) benefit: -999.000000
main phase = 6
loc(140471895076864) count(0) benefit: -999.000000
loc(140471808073728) count(0) benefit: -999.000000
loc(140472176123904) count(0) benefit: -999.000000
loc(140472178532352) count(0) benefit: -999.000000
loc(140472048386048) count(0) benefit: -999.000000
loc(140472177328128) count(0) benefit: -999.000000
loc(140472176726016) count(0) benefit: -999.000000
loc(0) count(0) benefit: -999.000000
loc(0) count(0) benefit: -999.000000
loc(0) count(0) benefit: -999.000000
loc(0) count(0) benefit: -999.000000
loc(0) count(0) benefit: -999.000000
loc(0) count(0) benefit: -999.000000
loc(0) count(0) benefit: -999.000000
loc(0) count(0) benefit: -999.000000
loc(0) count(0) benefit: -999.000000
main phase = 7
loc(140471895076864) count(0) benefit: -999.000000
loc(140471808073728) count(0) benefit: -999.000000
loc(140472176123904) count(0) benefit: -999.000000
loc(140472178532352) count(0) benefit: -999.000000
loc(140472048386048) count(0) benefit: -999.000000
loc(140472177328128) count(0) benefit: -999.000000
loc(140472176726016) count(0) benefit: -999.000000
loc(0) count(0) benefit: -999.000000
loc(0) count(0) benefit: -999.000000
loc(0) count(0) benefit: -999.000000
loc(0) count(0) benefit: -999.000000
loc(0) count(0) benefit: -999.000000
loc(0) count(0) benefit: -999.000000
loc(0) count(0) benefit: -999.000000
loc(0) count(0) benefit: -999.000000
loc(0) count(0) benefit: -999.000000
gloabl_view loc(140471895076864) size= 43 count(2)  benefit: 0.000012 flag = 1
gloabl_view loc(140471808073728) size= 87 count(14)  benefit: 0.000082 flag = 1
gloabl_view loc(140472176123904) size= 0 count(0)  benefit: -999.000000 flag = 0
gloabl_view loc(140472178532352) size= 0 count(0)  benefit: -999.000000 flag = 0
gloabl_view loc(140472048386048) size= 0 count(28)  benefit: 0.000164 flag = 1
gloabl_view loc(140472177328128) size= 0 count(0)  benefit: -999.000000 flag = 0
gloabl_view loc(140472176726016) size= 0 count(0)  benefit: -999.000000 flag = 0
gloabl_view loc(0) size= 0 count(0)  benefit: -999.000000 flag = 0
gloabl_view loc(0) size= 0 count(0)  benefit: -999.000000 flag = 0
gloabl_view loc(0) size= 0 count(0)  benefit: -999.000000 flag = 0
gloabl_view loc(0) size= 0 count(0)  benefit: -999.000000 flag = 0
gloabl_view loc(0) size= 0 count(0)  benefit: -999.000000 flag = 0
gloabl_view loc(0) size= 0 count(0)  benefit: -999.000000 flag = 0
gloabl_view loc(0) size= 0 count(0)  benefit: -999.000000 flag = 0
gloabl_view loc(0) size= 0 count(0)  benefit: -999.000000 flag = 0
gloabl_view loc(0) size= 0 count(0)  benefit: -999.000000 flag = 0
benefit_local = 0.000164 
benefit_gloabl = 0.000258 
phase_counter = 8
main phase = 0
loc(140149426495488) count(16) benefit: -0.010363
loc(140149259268096) count(31) benefit: -0.020976
loc(140149640011776) count(0) benefit: -999.000000
loc(140149642420224) count(0) benefit: -999.000000
loc(140149579501568) count(30) benefit: 0.000176
loc(140149641216000) count(0) benefit: -999.000000
loc(140149640613888) count(0) benefit: -999.000000
loc(0) count(0) benefit: -999.000000
loc(0) count(0) benefit: -999.000000
loc(0) count(0) benefit: -999.000000
loc(0) count(0) benefit: -999.000000
loc(0) count(0) benefit: -999.000000
loc(0) count(0) benefit: -999.000000
loc(0) count(0) benefit: -999.000000
loc(0) count(0) benefit: -999.000000
loc(0) count(0) benefit: -999.000000
main phase = 1
loc(140149426495488) count(0) benefit: -999.000000
loc(140149259268096) count(0) benefit: -999.000000
loc(140149640011776) count(0) benefit: -999.000000
loc(140149642420224) count(0) benefit: -999.000000
loc(140149579501568) count(0) benefit: -999.000000
loc(140149641216000) count(0) benefit: -999.000000
loc(140149640613888) count(0) benefit: -999.000000
loc(0) count(0) benefit: -999.000000
loc(0) count(0) benefit: -999.000000
loc(0) count(0) benefit: -999.000000
loc(0) count(0) benefit: -999.000000
loc(0) count(0) benefit: -999.000000
loc(0) count(0) benefit: -999.000000
loc(0) count(0) benefit: -999.000000
loc(0) count(0) benefit: -999.000000
loc(0) count(0) benefit: -999.000000
main phase = 2
loc(140149426495488) count(0) benefit: -999.000000
loc(140149259268096) count(0) benefit: -999.000000
loc(140149640011776) count(0) benefit: -999.000000
loc(140149642420224) count(0) benefit: -999.000000
loc(140149579501568) count(0) benefit: -999.000000
loc(140149641216000) count(0) benefit: -999.000000
loc(140149640613888) count(0) benefit: -999.000000
loc(0) count(0) benefit: -999.000000
loc(0) count(0) benefit: -999.000000
loc(0) count(0) benefit: -999.000000
loc(0) count(0) benefit: -999.000000
loc(0) count(0) benefit: -999.000000
loc(0) count(0) benefit: -999.000000
loc(0) count(0) benefit: -999.000000
loc(0) count(0) benefit: -999.000000
loc(0) count(0) benefit: -999.000000
main phase = 3
loc(140149426495488) count(0) benefit: -999.000000
loc(140149259268096) count(0) benefit: -999.000000
loc(140149640011776) count(0) benefit: -999.000000
loc(140149642420224) count(0) benefit: -999.000000
loc(140149579501568) count(0) benefit: -999.000000
loc(140149641216000) count(0) benefit: -999.000000
loc(140149640613888) count(0) benefit: -999.000000
loc(0) count(0) benefit: -999.000000
loc(0) count(0) benefit: -999.000000
loc(0) count(0) benefit: -999.000000
loc(0) count(0) benefit: -999.000000
loc(0) count(0) benefit: -999.000000
loc(0) count(0) benefit: -999.000000
loc(0) count(0) benefit: -999.000000
loc(0) count(0) benefit: -999.000000
loc(0) count(0) benefit: -999.000000
main phase = 4
loc(140149426495488) count(0) benefit: -999.000000
loc(140149259268096) count(0) benefit: -999.000000
loc(140149640011776) count(0) benefit: -999.000000
loc(140149642420224) count(0) benefit: -999.000000
loc(140149579501568) count(0) benefit: -999.000000
loc(140149641216000) count(0) benefit: -999.000000
loc(140149640613888) count(0) benefit: -999.000000
loc(0) count(0) benefit: -999.000000
loc(0) count(0) benefit: -999.000000
loc(0) count(0) benefit: -999.000000
loc(0) count(0) benefit: -999.000000
loc(0) count(0) benefit: -999.000000
loc(0) count(0) benefit: -999.000000
loc(0) count(0) benefit: -999.000000
loc(0) count(0) benefit: -999.000000
loc(0) count(0) benefit: -999.000000
main phase = 5
loc(140149426495488) count(0) benefit: -999.000000
loc(140149259268096) count(0) benefit: -999.000000
loc(140149640011776) count(0) benefit: -999.000000
loc(140149642420224) count(0) benefit: -999.000000
loc(140149579501568) count(0) benefit: -999.000000
loc(140149641216000) count(0) benefit: -999.000000
loc(140149640613888) count(0) benefit: -999.000000
loc(0) count(0) benefit: -999.000000
loc(0) count(0) benefit: -999.000000
loc(0) count(0) benefit: -999.000000
loc(0) count(0) benefit: -999.000000
loc(0) count(0) benefit: -999.000000
loc(0) count(0) benefit: -999.000000
loc(0) count(0) benefit: -999.000000
loc(0) count(0) benefit: -999.000000
loc(0) count(0) benefit: -999.000000
main phase = 6
loc(140149426495488) count(0) benefit: -999.000000
loc(140149259268096) count(0) benefit: -999.000000
loc(140149640011776) count(0) benefit: -999.000000
loc(140149642420224) count(0) benefit: -999.000000
loc(140149579501568) count(0) benefit: -999.000000
loc(140149641216000) count(0) benefit: -999.000000
loc(140149640613888) count(0) benefit: -999.000000
loc(0) count(0) benefit: -999.000000
loc(0) count(0) benefit: -999.000000
loc(0) count(0) benefit: -999.000000
loc(0) count(0) benefit: -999.000000
loc(0) count(0) benefit: -999.000000
loc(0) count(0) benefit: -999.000000
loc(0) count(0) benefit: -999.000000
loc(0) count(0) benefit: -999.000000
loc(0) count(0) benefit: -999.000000
main phase = 7
loc(140149426495488) count(0) benefit: -999.000000
loc(140149259268096) count(0) benefit: -999.000000
loc(140149640011776) count(0) benefit: -999.000000
loc(140149642420224) count(0) benefit: -999.000000
loc(140149579501568) count(0) benefit: -999.000000
loc(140149641216000) count(0) benefit: -999.000000
loc(140149640613888) count(0) benefit: -999.000000
loc(0) count(0) benefit: -999.000000
loc(0) count(0) benefit: -999.000000
loc(0) count(0) benefit: -999.000000
loc(0) count(0) benefit: -999.000000
loc(0) count(0) benefit: -999.000000
loc(0) count(0) benefit: -999.000000
loc(0) count(0) benefit: -999.000000
loc(0) count(0) benefit: -999.000000
loc(0) count(0) benefit: -999.000000
gloabl_view loc(140149426495488) size= 43 count(16)  benefit: 0.000094 flag = 1
gloabl_view loc(140149259268096) size= 87 count(31)  benefit: 0.000182 flag = 1
gloabl_view loc(140149640011776) size= 0 count(0)  benefit: -999.000000 flag = 0
gloabl_view loc(140149642420224) size= 0 count(0)  benefit: -999.000000 flag = 0
gloabl_view loc(140149579501568) size= 0 count(30)  benefit: 0.000176 flag = 1
gloabl_view loc(140149641216000) size= 0 count(0)  benefit: -999.000000 flag = 0
gloabl_view loc(140149640613888) size= 0 count(0)  benefit: -999.000000 flag = 0
gloabl_view loc(0) size= 0 count(0)  benefit: -999.000000 flag = 0
gloabl_view loc(0) size= 0 count(0)  benefit: -999.000000 flag = 0
gloabl_view loc(0) size= 0 count(0)  benefit: -999.000000 flag = 0
gloabl_view loc(0) size= 0 count(0)  benefit: -999.000000 flag = 0
gloabl_view loc(0) size= 0 count(0)  benefit: -999.000000 flag = 0
gloabl_view loc(0) size= 0 count(0)  benefit: -999.000000 flag = 0
gloabl_view loc(0) size= 0 count(0)  benefit: -999.000000 flag = 0
gloabl_view loc(0) size= 0 count(0)  benefit: -999.000000 flag = 0
gloabl_view loc(0) size= 0 count(0)  benefit: -999.000000 flag = 0
benefit_local = 0.000176 
benefit_gloabl = 0.000452 
phase_counter = 8
main phase = 0
loc(139652898500608) count(3) benefit: -0.010440
loc(139652811497472) count(17) benefit: -0.021058
loc(139653191286784) count(0) benefit: -999.000000
loc(139653193695232) count(0) benefit: -999.000000
loc(139653144051712) count(23) benefit: 0.000135
loc(139653192491008) count(0) benefit: -999.000000
loc(139653191888896) count(0) benefit: -999.000000
loc(0) count(0) benefit: -999.000000
loc(0) count(0) benefit: -999.000000
loc(0) count(0) benefit: -999.000000
loc(0) count(0) benefit: -999.000000
loc(0) count(0) benefit: -999.000000
loc(0) count(0) benefit: -999.000000
loc(0) count(0) benefit: -999.000000
loc(0) count(0) benefit: -999.000000
loc(0) count(0) benefit: -999.000000
main phase = 1
loc(139652898500608) count(0) benefit: -999.000000
loc(139652811497472) count(0) benefit: -999.000000
loc(139653191286784) count(0) benefit: -999.000000
loc(139653193695232) count(0) benefit: -999.000000
loc(139653144051712) count(0) benefit: -999.000000
loc(139653192491008) count(0) benefit: -999.000000
loc(139653191888896) count(0) benefit: -999.000000
loc(0) count(0) benefit: -999.000000
loc(0) count(0) benefit: -999.000000
loc(0) count(0) benefit: -999.000000
loc(0) count(0) benefit: -999.000000
loc(0) count(0) benefit: -999.000000
loc(0) count(0) benefit: -999.000000
loc(0) count(0) benefit: -999.000000
loc(0) count(0) benefit: -999.000000
loc(0) count(0) benefit: -999.000000
main phase = 2
loc(139652898500608) count(0) benefit: -999.000000
loc(139652811497472) count(0) benefit: -999.000000
loc(139653191286784) count(0) benefit: -999.000000
loc(139653193695232) count(0) benefit: -999.000000
loc(139653144051712) count(0) benefit: -999.000000
loc(139653192491008) count(0) benefit: -999.000000
loc(139653191888896) count(0) benefit: -999.000000
loc(0) count(0) benefit: -999.000000
loc(0) count(0) benefit: -999.000000
loc(0) count(0) benefit: -999.000000
loc(0) count(0) benefit: -999.000000
loc(0) count(0) benefit: -999.000000
loc(0) count(0) benefit: -999.000000
loc(0) count(0) benefit: -999.000000
loc(0) count(0) benefit: -999.000000
loc(0) count(0) benefit: -999.000000
main phase = 3
loc(139652898500608) count(0) benefit: -999.000000
loc(139652811497472) count(0) benefit: -999.000000
loc(139653191286784) count(0) benefit: -999.000000
loc(139653193695232) count(0) benefit: -999.000000
loc(139653144051712) count(0) benefit: -999.000000
loc(139653192491008) count(0) benefit: -999.000000
loc(139653191888896) count(0) benefit: -999.000000
loc(0) count(0) benefit: -999.000000
loc(0) count(0) benefit: -999.000000
loc(0) count(0) benefit: -999.000000
loc(0) count(0) benefit: -999.000000
loc(0) count(0) benefit: -999.000000
loc(0) count(0) benefit: -999.000000
loc(0) count(0) benefit: -999.000000
loc(0) count(0) benefit: -999.000000
loc(0) count(0) benefit: -999.000000
main phase = 4
loc(139652898500608) count(0) benefit: -999.000000
loc(139652811497472) count(0) benefit: -999.000000
loc(139653191286784) count(0) benefit: -999.000000
loc(139653193695232) count(0) benefit: -999.000000
loc(139653144051712) count(0) benefit: -999.000000
loc(139653192491008) count(0) benefit: -999.000000
loc(139653191888896) count(0) benefit: -999.000000
loc(0) count(0) benefit: -999.000000
loc(0) count(0) benefit: -999.000000
loc(0) count(0) benefit: -999.000000
loc(0) count(0) benefit: -999.000000
loc(0) count(0) benefit: -999.000000
loc(0) count(0) benefit: -999.000000
loc(0) count(0) benefit: -999.000000
loc(0) count(0) benefit: -999.000000
loc(0) count(0) benefit: -999.000000
main phase = 5
loc(139652898500608) count(0) benefit: -999.000000
loc(139652811497472) count(0) benefit: -999.000000
loc(139653191286784) count(0) benefit: -999.000000
loc(139653193695232) count(0) benefit: -999.000000
loc(139653144051712) count(0) benefit: -999.000000
loc(139653192491008) count(0) benefit: -999.000000
loc(139653191888896) count(0) benefit: -999.000000
loc(0) count(0) benefit: -999.000000
loc(0) count(0) benefit: -999.000000
loc(0) count(0) benefit: -999.000000
loc(0) count(0) benefit: -999.000000
loc(0) count(0) benefit: -999.000000
loc(0) count(0) benefit: -999.000000
loc(0) count(0) benefit: -999.000000
loc(0) count(0) benefit: -999.000000
loc(0) count(0) benefit: -999.000000
main phase = 6
loc(139652898500608) count(0) benefit: -999.000000
loc(139652811497472) count(0) benefit: -999.000000
loc(139653191286784) count(0) benefit: -999.000000
loc(139653193695232) count(0) benefit: -999.000000
loc(139653144051712) count(0) benefit: -999.000000
loc(139653192491008) count(0) benefit: -999.000000
loc(139653191888896) count(0) benefit: -999.000000
loc(0) count(0) benefit: -999.000000
loc(0) count(0) benefit: -999.000000
loc(0) count(0) benefit: -999.000000
loc(0) count(0) benefit: -999.000000
loc(0) count(0) benefit: -999.000000
loc(0) count(0) benefit: -999.000000
loc(0) count(0) benefit: -999.000000
loc(0) count(0) benefit: -999.000000
loc(0) count(0) benefit: -999.000000
main phase = 7
loc(139652898500608) count(0) benefit: -999.000000
loc(139652811497472) count(0) benefit: -999.000000
loc(139653191286784) count(0) benefit: -999.000000
loc(139653193695232) count(0) benefit: -999.000000
loc(139653144051712) count(0) benefit: -999.000000
loc(139653192491008) count(0) benefit: -999.000000
loc(139653191888896) count(0) benefit: -999.000000
loc(0) count(0) benefit: -999.000000
loc(0) count(0) benefit: -999.000000
loc(0) count(0) benefit: -999.000000
loc(0) count(0) benefit: -999.000000
loc(0) count(0) benefit: -999.000000
loc(0) count(0) benefit: -999.000000
loc(0) count(0) benefit: -999.000000
loc(0) count(0) benefit: -999.000000
loc(0) count(0) benefit: -999.000000
gloabl_view loc(139652898500608) size= 43 count(3)  benefit: 0.000018 flag = 1
gloabl_view loc(139652811497472) size= 87 count(17)  benefit: 0.000100 flag = 1
gloabl_view loc(139653191286784) size= 0 count(0)  benefit: -999.000000 flag = 0
gloabl_view loc(139653193695232) size= 0 count(0)  benefit: -999.000000 flag = 0
gloabl_view loc(139653144051712) size= 0 count(23)  benefit: 0.000135 flag = 1
gloabl_view loc(139653192491008) size= 0 count(0)  benefit: -999.000000 flag = 0
gloabl_view loc(139653191888896) size= 0 count(0)  benefit: -999.000000 flag = 0
gloabl_view loc(0) size= 0 count(0)  benefit: -999.000000 flag = 0
gloabl_view loc(0) size= 0 count(0)  benefit: -999.000000 flag = 0
gloabl_view loc(0) size= 0 count(0)  benefit: -999.000000 flag = 0
gloabl_view loc(0) size= 0 count(0)  benefit: -999.000000 flag = 0
gloabl_view loc(0) size= 0 count(0)  benefit: -999.000000 flag = 0
gloabl_view loc(0) size= 0 count(0)  benefit: -999.000000 flag = 0
gloabl_view loc(0) size= 0 count(0)  benefit: -999.000000 flag = 0
gloabl_view loc(0) size= 0 count(0)  benefit: -999.000000 flag = 0
gloabl_view loc(0) size= 0 count(0)  benefit: -999.000000 flag = 0
benefit_local = 0.000135 
benefit_gloabl = 0.000252 
phase_counter = 8
main phase = 0
loc(139780271124480) count(17) benefit: -0.010357
loc(139780184121344) count(29) benefit: -0.020987
loc(139780559687680) count(0) benefit: -999.000000
loc(139780562096128) count(0) benefit: -999.000000
loc(139780516667392) count(29) benefit: 0.000170
loc(139780560891904) count(0) benefit: -999.000000
loc(139780560289792) count(0) benefit: -999.000000
loc(0) count(0) benefit: -999.000000
loc(0) count(0) benefit: -999.000000
loc(0) count(0) benefit: -999.000000
loc(0) count(0) benefit: -999.000000
loc(0) count(0) benefit: -999.000000
loc(0) count(0) benefit: -999.000000
loc(0) count(0) benefit: -999.000000
loc(0) count(0) benefit: -999.000000
loc(0) count(0) benefit: -999.000000
main phase = 1
loc(139780271124480) count(0) benefit: -999.000000
loc(139780184121344) count(0) benefit: -999.000000
loc(139780559687680) count(0) benefit: -999.000000
loc(139780562096128) count(0) benefit: -999.000000
loc(139780516667392) count(0) benefit: -999.000000
loc(139780560891904) count(0) benefit: -999.000000
loc(139780560289792) count(0) benefit: -999.000000
loc(0) count(0) benefit: -999.000000
loc(0) count(0) benefit: -999.000000
loc(0) count(0) benefit: -999.000000
loc(0) count(0) benefit: -999.000000
loc(0) count(0) benefit: -999.000000
loc(0) count(0) benefit: -999.000000
loc(0) count(0) benefit: -999.000000
loc(0) count(0) benefit: -999.000000
loc(0) count(0) benefit: -999.000000
main phase = 2
loc(139780271124480) count(0) benefit: -999.000000
loc(139780184121344) count(0) benefit: -999.000000
loc(139780559687680) count(0) benefit: -999.000000
loc(139780562096128) count(0) benefit: -999.000000
loc(139780516667392) count(0) benefit: -999.000000
loc(139780560891904) count(0) benefit: -999.000000
loc(139780560289792) count(0) benefit: -999.000000
loc(0) count(0) benefit: -999.000000
loc(0) count(0) benefit: -999.000000
loc(0) count(0) benefit: -999.000000
loc(0) count(0) benefit: -999.000000
loc(0) count(0) benefit: -999.000000
loc(0) count(0) benefit: -999.000000
loc(0) count(0) benefit: -999.000000
loc(0) count(0) benefit: -999.000000
loc(0) count(0) benefit: -999.000000
main phase = 3
loc(139780271124480) count(0) benefit: -999.000000
loc(139780184121344) count(0) benefit: -999.000000
loc(139780559687680) count(0) benefit: -999.000000
loc(139780562096128) count(0) benefit: -999.000000
loc(139780516667392) count(0) benefit: -999.000000
loc(139780560891904) count(0) benefit: -999.000000
loc(139780560289792) count(0) benefit: -999.000000
loc(0) count(0) benefit: -999.000000
loc(0) count(0) benefit: -999.000000
loc(0) count(0) benefit: -999.000000
loc(0) count(0) benefit: -999.000000
loc(0) count(0) benefit: -999.000000
loc(0) count(0) benefit: -999.000000
loc(0) count(0) benefit: -999.000000
loc(0) count(0) benefit: -999.000000
loc(0) count(0) benefit: -999.000000
main phase = 4
loc(139780271124480) count(0) benefit: -999.000000
loc(139780184121344) count(0) benefit: -999.000000
loc(139780559687680) count(0) benefit: -999.000000
loc(139780562096128) count(0) benefit: -999.000000
loc(139780516667392) count(0) benefit: -999.000000
loc(139780560891904) count(0) benefit: -999.000000
loc(139780560289792) count(0) benefit: -999.000000
loc(0) count(0) benefit: -999.000000
loc(0) count(0) benefit: -999.000000
loc(0) count(0) benefit: -999.000000
loc(0) count(0) benefit: -999.000000
loc(0) count(0) benefit: -999.000000
loc(0) count(0) benefit: -999.000000
loc(0) count(0) benefit: -999.000000
loc(0) count(0) benefit: -999.000000
loc(0) count(0) benefit: -999.000000
main phase = 5
loc(139780271124480) count(0) benefit: -999.000000
loc(139780184121344) count(0) benefit: -999.000000
loc(139780559687680) count(0) benefit: -999.000000
loc(139780562096128) count(0) benefit: -999.000000
loc(139780516667392) count(0) benefit: -999.000000
loc(139780560891904) count(0) benefit: -999.000000
loc(139780560289792) count(0) benefit: -999.000000
loc(0) count(0) benefit: -999.000000
loc(0) count(0) benefit: -999.000000
loc(0) count(0) benefit: -999.000000
loc(0) count(0) benefit: -999.000000
loc(0) count(0) benefit: -999.000000
loc(0) count(0) benefit: -999.000000
loc(0) count(0) benefit: -999.000000
loc(0) count(0) benefit: -999.000000
loc(0) count(0) benefit: -999.000000
main phase = 6
loc(139780271124480) count(0) benefit: -999.000000
loc(139780184121344) count(0) benefit: -999.000000
loc(139780559687680) count(0) benefit: -999.000000
loc(139780562096128) count(0) benefit: -999.000000
loc(139780516667392) count(0) benefit: -999.000000
loc(139780560891904) count(0) benefit: -999.000000
loc(139780560289792) count(0) benefit: -999.000000
loc(0) count(0) benefit: -999.000000
loc(0) count(0) benefit: -999.000000
loc(0) count(0) benefit: -999.000000
loc(0) count(0) benefit: -999.000000
loc(0) count(0) benefit: -999.000000
loc(0) count(0) benefit: -999.000000
loc(0) count(0) benefit: -999.000000
loc(0) count(0) benefit: -999.000000
loc(0) count(0) benefit: -999.000000
main phase = 7
loc(139780271124480) count(0) benefit: -999.000000
loc(139780184121344) count(0) benefit: -999.000000
loc(139780559687680) count(0) benefit: -999.000000
loc(139780562096128) count(0) benefit: -999.000000
loc(139780516667392) count(0) benefit: -999.000000
loc(139780560891904) count(0) benefit: -999.000000
loc(139780560289792) count(0) benefit: -999.000000
loc(0) count(0) benefit: -999.000000
loc(0) count(0) benefit: -999.000000
loc(0) count(0) benefit: -999.000000
loc(0) count(0) benefit: -999.000000
loc(0) count(0) benefit: -999.000000
loc(0) count(0) benefit: -999.000000
loc(0) count(0) benefit: -999.000000
loc(0) count(0) benefit: -999.000000
loc(0) count(0) benefit: -999.000000
gloabl_view loc(139780271124480) size= 43 count(17)  benefit: 0.000100 flag = 1
gloabl_view loc(139780184121344) size= 87 count(29)  benefit: 0.000170 flag = 1
gloabl_view loc(139780559687680) size= 0 count(0)  benefit: -999.000000 flag = 0
gloabl_view loc(139780562096128) size= 0 count(0)  benefit: -999.000000 flag = 0
gloabl_view loc(139780516667392) size= 0 count(29)  benefit: 0.000170 flag = 1
gloabl_view loc(139780560891904) size= 0 count(0)  benefit: -999.000000 flag = 0
gloabl_view loc(139780560289792) size= 0 count(0)  benefit: -999.000000 flag = 0
gloabl_view loc(0) size= 0 count(0)  benefit: -999.000000 flag = 0
gloabl_view loc(0) size= 0 count(0)  benefit: -999.000000 flag = 0
gloabl_view loc(0) size= 0 count(0)  benefit: -999.000000 flag = 0
gloabl_view loc(0) size= 0 count(0)  benefit: -999.000000 flag = 0
gloabl_view loc(0) size= 0 count(0)  benefit: -999.000000 flag = 0
gloabl_view loc(0) size= 0 count(0)  benefit: -999.000000 flag = 0
gloabl_view loc(0) size= 0 count(0)  benefit: -999.000000 flag = 0
gloabl_view loc(0) size= 0 count(0)  benefit: -999.000000 flag = 0
gloabl_view loc(0) size= 0 count(0)  benefit: -999.000000 flag = 0
benefit_local = 0.000170 
benefit_gloabl = 0.000440 
