cpu name =I7_5960X based on Haswell micro arch - Haswell-E decline - 4th generation Intel Core
 colidx: add:              6329472 size:            163800060
 a: add:            828329824 size:            327600120
 x: add:           1155929944 size:              1200016
 z: add:           1157129960 size:              1200016
 p: add:           1158329976 size:              1200016
 r: add:           1160730008 size:              1200016
 q: add:           1159529992 size:              1200016


 NAS Parallel Benchmarks 3.3 -- CG Benchmark

 Size:     150000
 Iterations:    75
 Number of active processes:     1
 Number of nonzeroes per row:       15
 Eigenvalue shift: .110E+03
 --------Phase 1: 

Starting memory sampling

Event 1 name: 0x5301cd

Event 2 name: 0x5382d0
exe_time: 355533552

Memory read sampling results

colidx: 2
a: 5
x: 0
z: 0
p: 235
q: 0
r: 0
others: 0
total: 242
2  5  0  0  235  0  0  
 --------Phase 2: 

Starting memory sampling

Event 1 name: 0x5301cd

Event 2 name: 0x5382d0
exe_time: 356061

Memory read sampling results

colidx: 0
a: 0
x: 0
z: 0
p: 0
q: 0
r: 0
others: 0
total: 0
0  0  0  0  0  0  0  
 --------Phase 3: 

Starting memory sampling

Event 1 name: 0x5301cd

Event 2 name: 0x5382d0
exe_time: 674766

Memory read sampling results

colidx: 0
a: 0
x: 0
z: 0
p: 0
q: 0
r: 0
others: 0
total: 0
0  0  0  0  0  0  0  
 --------Phase 4: 

Starting memory sampling

Event 1 name: 0x5301cd

Event 2 name: 0x5382d0
exe_time: 1386645

Memory read sampling results

colidx: 0
a: 0
x: 0
z: 0
p: 0
q: 0
r: 0
others: 0
total: 0
0  0  0  0  0  0  0  
 --------Phase 5: 

Starting memory sampling

Event 1 name: 0x5301cd

Event 2 name: 0x5382d0
exe_time: 252342

Memory read sampling results

colidx: 0
a: 0
x: 0
z: 0
p: 0
q: 0
r: 0
others: 0
total: 0
0  0  0  0  0  0  0  
 --------Phase 6: 

Starting memory sampling

Event 1 name: 0x5301cd

Event 2 name: 0x5382d0
exe_time: 2119731

Memory read sampling results

colidx: 0
a: 0
x: 0
z: 0
p: 0
q: 0
r: 0
others: 0
total: 0
0  0  0  0  0  0  0  
 --------Phase 7: 

Starting memory sampling

Event 1 name: 0x5301cd

Event 2 name: 0x5382d0
exe_time: 253368

Memory read sampling results

colidx: 0
a: 0
x: 0
z: 0
p: 0
q: 0
r: 0
others: 0
total: 0
0  0  0  0  0  0  0  
 --------Phase 8: 

Starting memory sampling

Event 1 name: 0x5301cd

Event 2 name: 0x5382d0
exe_time: 509274

Memory read sampling results

colidx: 0
a: 0
x: 0
z: 0
p: 0
q: 0
r: 0
others: 0
total: 0
0  0  0  0  0  0  0  
 --------Phase 1: 

Starting memory sampling

Event 1 name: 0x5301cd

Event 2 name: 0x5382d0
exe_time: 355071096

Memory read sampling results

colidx: 2
a: 5
x: 0
z: 0
p: 238
q: 0
r: 0
others: 0
total: 245
2  5  0  0  238  0  0  
 --------Phase 2: 

Starting memory sampling

Event 1 name: 0x5301cd

Event 2 name: 0x5382d0
exe_time: 312714

Memory read sampling results

colidx: 0
a: 0
x: 0
z: 0
p: 0
q: 0
r: 0
others: 0
total: 0
0  0  0  0  0  0  0  
 --------Phase 3: 

Starting memory sampling

Event 1 name: 0x5301cd

Event 2 name: 0x5382d0
exe_time: 739164

Memory read sampling results

colidx: 0
a: 0
x: 0
z: 0
p: 0
q: 0
r: 0
others: 0
total: 0
0  0  0  0  0  0  0  
 --------Phase 4: 

Starting memory sampling

Event 1 name: 0x5301cd

Event 2 name: 0x5382d0
exe_time: 1391190

Memory read sampling results

colidx: 0
a: 0
x: 0
z: 0
p: 0
q: 0
r: 0
others: 0
total: 0
0  0  0  0  0  0  0  
 --------Phase 5: 

Starting memory sampling

Event 1 name: 0x5301cd

Event 2 name: 0x5382d0
exe_time: 220509

Memory read sampling results

colidx: 0
a: 0
x: 0
z: 0
p: 0
q: 0
r: 0
others: 0
total: 0
0  0  0  0  0  0  0  
 --------Phase 6: 

Starting memory sampling

Event 1 name: 0x5301cd

Event 2 name: 0x5382d0
exe_time: 2132481

Memory read sampling results

colidx: 0
a: 0
x: 0
z: 0
p: 0
q: 0
r: 0
others: 0
total: 0
0  0  0  0  0  0  0  
 --------Phase 7: 

Starting memory sampling

Event 1 name: 0x5301cd

Event 2 name: 0x5382d0
exe_time: 225051

Memory read sampling results

colidx: 0
a: 0
x: 0
z: 0
p: 0
q: 0
r: 0
others: 0
total: 0
0  0  0  0  0  0  0  
 --------Phase 8: 

Starting memory sampling

Event 1 name: 0x5301cd

Event 2 name: 0x5382d0
exe_time: 575160

Memory read sampling results

colidx: 0
a: 0
x: 0
z: 0
p: 0
q: 0
r: 0
others: 0
total: 0
0  0  0  0  0  0  0  
