cpu name =I7_5960X based on Haswell micro arch - Haswell-E decline - 4th generation Intel Core
 colidx: add:              6329472 size:            795000084
 a: add:           4011329968 size:           1590000168
 x: add:           5601330136 size:              6000016
 z: add:           5607330152 size:              6000016
 p: add:           5613330168 size:              6000016
 r: add:           5625330200 size:              6000016
 q: add:           5619330184 size:              6000016
cpu name =I7_5960X based on Haswell micro arch - Haswell-E decline - 4th generation Intel Core
 colidx: add:              6329472 size:            795000084
 a: add:           4011329968 size:           1590000168
 x: add:           5601330136 size:              6000016
 z: add:           5607330152 size:              6000016
 p: add:           5613330168 size:              6000016
 r: add:           5625330200 size:              6000016
 q: add:           5619330184 size:              6000016
cpu name =I7_5960X based on Haswell micro arch - Haswell-E decline - 4th generation Intel Core
 colidx: add:              6329472 size:            795000084
 a: add:           4011329968 size:           1590000168
 x: add:           5601330136 size:              6000016
 z: add:           5607330152 size:              6000016
 p: add:           5613330168 size:              6000016
 r: add:           5625330200 size:              6000016
 q: add:           5619330184 size:              6000016
cpu name =I7_5960X based on Haswell micro arch - Haswell-E decline - 4th generation Intel Core
 colidx: add:              6329472 size:            795000084
 a: add:           4011329968 size:           1590000168
 x: add:           5601330136 size:              6000016
 z: add:           5607330152 size:              6000016
 p: add:           5613330168 size:              6000016
 r: add:           5625330200 size:              6000016
 q: add:           5619330184 size:              6000016
loc(sm) = 0x15164f480	loc(add)=0x7fffddd525e8
loc(sm) = 0x1519f4940	loc(add)=0x7ffe389d2938


 NAS Parallel Benchmarks 3.3 -- CG Benchmark

 Size:    1500000
 Iterations:   100
 Number of active processes:     4
 Number of nonzeroes per row:       21
 Eigenvalue shift: .500E+03
loc(sm) = 0x15043af90	loc(add)=0x7ffc07f929e8
loc(sm) = 0x1514dc470	loc(add)=0x7ffc391fb528
 sampling_check =            0
 sampling_check =            0
 sampling_check =            0
 sampling_check =            0
 sampling_check =            1
 sampling_check =            1
 Phase 1: 
loc(sm) = 0x1514dc470

Starting memory sampling
 sampling_check =            1
 Phase 1: 
loc(sm) = 0x15164f480

Starting memory sampling
 Phase 1: 
loc(sm) = 0x1519f4940

Starting memory sampling
fd_per_tid = 15
measure->nb_threads=1
33333333fd_per_tid = 15
sm = 0x1519f4940
 sampling_check =            1
 Phase 1: 
loc(sm) = 0x15043af90

Starting memory sampling
fd_per_tid = 16
measure->nb_threads=1
33333333fd_per_tid = 16
sm = 0x15043af90
fd_per_tid = 14
measure->nb_threads=1
33333333fd_per_tid = 14
sm = 0x1514dc470
fd_per_tid = 16
measure->nb_threads=1
33333333fd_per_tid = 16
sm = 0x15164f480
stop loc(add)0x15043af90

Memory read sampling results

colidx: 207
a: 0
x: 0
z: 0
p: 0
q: 0
r: 0
others: 3674
total: 3881
 Phase 2: 
loc(sm) = 0x15043af90

Starting memory sampling
fd_per_tid = 16
measure->nb_threads=1
33333333fd_per_tid = 16
sm = 0x15043af90
stop loc(add)0x1519f4940

Memory read sampling results

colidx: 197
a: 0
x: 0
z: 0
p: 0
q: 0
r: 0
others: 3691
total: 3888
 Phase 2: 
loc(sm) = 0x1519f4940

Starting memory sampling
fd_per_tid = 15
measure->nb_threads=1
33333333fd_per_tid = 15
sm = 0x1519f4940
stop loc(add)0x15043af90

Memory read sampling results

colidx: 0
a: 0
x: 0
z: 0
p: 0
q: 0
r: 0
others: 16
total: 16
 Phase 3: 
loc(sm) = 0x15043af90

Starting memory sampling
fd_per_tid = 16
measure->nb_threads=1
33333333fd_per_tid = 16
sm = 0x15043af90
stop loc(add)0x1519f4940

Memory read sampling results

colidx: 0
a: 0
x: 0
z: 0
p: 0
q: 0
r: 0
others: 20
total: 20
 Phase 3: 
loc(sm) = 0x1519f4940

Starting memory sampling
fd_per_tid = 15
measure->nb_threads=1
33333333fd_per_tid = 15
sm = 0x1519f4940
stop loc(add)0x1519f4940

Memory read sampling results

colidx: 0
a: 0
x: 0
z: 0
p: 0
q: 0
r: 0
others: 0
total: 0
 Phase 4: 
loc(sm) = 0x1519f4940

Starting memory sampling
fd_per_tid = 15
measure->nb_threads=1
33333333fd_per_tid = 15
sm = 0x1519f4940
stop loc(add)0x1514dc470

Memory read sampling results
stop loc(add)0x1519f4940

Memory read sampling results

colidx: 0
a: 0
x: 0
z: 0
p: 0
q: 0
r: 0
others: 5
total: 5
 Phase 5: 
loc(sm) = 0x1519f4940

Starting memory sampling
fd_per_tid = 15
measure->nb_threads=1
33333333fd_per_tid = 15
sm = 0x1519f4940

colidx: 178
a: 0
x: 0
z: 0
p: 0
q: 0
r: 0
others: 3703
total: 3881
 Phase 2: 
loc(sm) = 0x1514dc470

Starting memory sampling
fd_per_tid = 14
measure->nb_threads=1
33333333fd_per_tid = 14
sm = 0x1514dc470
stop loc(add)0x15164f480

Memory read sampling results

colidx: 569
a: 0
x: 0
z: 0
p: 0
q: 0
r: 0
others: 4479
total: 5048
 Phase 2: 
loc(sm) = 0x15164f480

Starting memory sampling
fd_per_tid = 16
measure->nb_threads=1
33333333fd_per_tid = 16
sm = 0x15164f480
stop loc(add)0x15164f480

Memory read sampling results

colidx: 0
a: 0
x: 0
z: 0
p: 0
q: 0
r: 0
others: 15
total: 15
 Phase 3: 
loc(sm) = 0x15164f480

Starting memory sampling
fd_per_tid = 16
measure->nb_threads=1
33333333fd_per_tid = 16
sm = 0x15164f480
stop loc(add)0x1514dc470

Memory read sampling results

colidx: 0
a: 0
x: 0
z: 0
p: 0
q: 0
r: 0
others: 82
total: 82
 Phase 3: 
loc(sm) = 0x1514dc470

Starting memory sampling
fd_per_tid = 14
measure->nb_threads=1
33333333fd_per_tid = 14
sm = 0x1514dc470
stop loc(add)0x1514dc470

Memory read sampling results

colidx: 0
a: 0
x: 0
z: 0
p: 0
q: 0
r: 0
others: 0
total: 0
 Phase 4: 
loc(sm) = 0x1514dc470

Starting memory sampling
fd_per_tid = 14
measure->nb_threads=1
33333333fd_per_tid = 14
sm = 0x1514dc470
stop loc(add)0x1514dc470

Memory read sampling results

colidx: 0
a: 0
x: 0
z: 0
p: 0
q: 0
r: 0
others: 5
total: 5
 Phase 5: 
loc(sm) = 0x1514dc470

Starting memory sampling
fd_per_tid = 14
measure->nb_threads=1
33333333fd_per_tid = 14
sm = 0x1514dc470
stop loc(add)0x15164f480

Memory read sampling results

colidx: 0
a: 0
x: 0
z: 0
p: 0
q: 0
r: 0
others: 10
total: 10
 Phase 4: 
loc(sm) = 0x15164f480

Starting memory sampling
fd_per_tid = 16
measure->nb_threads=1
33333333fd_per_tid = 16
sm = 0x15164f480
stop loc(add)0x15043af90

Memory read sampling results

colidx: 0
a: 0
x: 0
z: 0
p: 0
q: 0
r: 0
others: 71
total: 71
 Phase 4: 
loc(sm) = 0x15043af90

Starting memory sampling
fd_per_tid = 16
measure->nb_threads=1
33333333fd_per_tid = 16
sm = 0x15043af90
stop loc(add)0x15164f480

Memory read sampling results

colidx: 0
a: 0
x: 0
z: 0
p: 0
q: 0
r: 0
others: 5
total: 5
 Phase 5: 
loc(sm) = 0x15164f480

Starting memory sampling
fd_per_tid = 16
measure->nb_threads=1
33333333fd_per_tid = 16
sm = 0x15164f480
stop loc(add)0x15164f480

Memory read sampling results

colidx: 0
a: 0
x: 0
z: 0
p: 0
q: 0
r: 0
others: 0
total: 0
 Phase 6: 
loc(sm) = 0x15164f480

Starting memory sampling
fd_per_tid = 16
measure->nb_threads=1
33333333fd_per_tid = 16
sm = 0x15164f480
stop loc(add)0x1514dc470

Memory read sampling results

colidx: 0
a: 0
x: 0
z: 0
p: 0
q: 0
r: 0
others: 12
total: 12
 Phase 6: 
loc(sm) = 0x1514dc470

Starting memory sampling
fd_per_tid = 14
measure->nb_threads=1
33333333fd_per_tid = 14
sm = 0x1514dc470
stop loc(add)0x1519f4940

Memory read sampling results

colidx: 0
a: 0
x: 0
z: 0
p: 0
q: 0
r: 0
others: 75
total: 75
 Phase 6: 
loc(sm) = 0x1519f4940

Starting memory sampling
fd_per_tid = 15
measure->nb_threads=1
33333333fd_per_tid = 15
sm = 0x1519f4940
stop loc(add)0x15043af90

Memory read sampling results

colidx: 0
a: 0
x: 0
z: 0
p: 0
q: 0
r: 0
others: 5
total: 5
 Phase 5: 
loc(sm) = 0x15043af90

Starting memory sampling
fd_per_tid = 16
measure->nb_threads=1
33333333fd_per_tid = 16
sm = 0x15043af90
stop loc(add)0x15043af90

Memory read sampling results

colidx: 0
a: 0
x: 0
z: 0
p: 0
q: 0
r: 0
others: 0
total: 0
 Phase 6: 
loc(sm) = 0x15043af90

Starting memory sampling
fd_per_tid = 16
measure->nb_threads=1
33333333fd_per_tid = 16
sm = 0x15043af90
stop loc(add)0x1514dc470

Memory read sampling results

colidx: 0
a: 0
x: 0
z: 0
p: 0
q: 0
r: 0
others: 10
total: 10
 Phase 7: 
loc(sm) = 0x1514dc470

Starting memory sampling
fd_per_tid = 14
measure->nb_threads=1
33333333fd_per_tid = 14
sm = 0x1514dc470
stop loc(add)0x15043af90

Memory read sampling results

colidx: 0
a: 0
x: 0
z: 0
p: 0
q: 0
r: 0
others: 11
total: 11
 Phase 7: 
loc(sm) = 0x15043af90

Starting memory sampling
fd_per_tid = 16
measure->nb_threads=1
33333333fd_per_tid = 16
sm = 0x15043af90
stop loc(add)0x1519f4940

Memory read sampling results

colidx: 0
a: 0
x: 0
z: 0
p: 0
q: 0
r: 0
others: 11
total: 11
 Phase 7: 
loc(sm) = 0x1519f4940

Starting memory sampling
fd_per_tid = 15
stop loc(add)0x15164f480

Memory read sampling results

colidx: 0
a: 0
x: 0
z: 0
p: 0
q: 0
r: 0
others: 12
total: 12
 Phase 7: 
loc(sm) = 0x15164f480

Starting memory sampling
fd_per_tid = 16
measure->nb_threads=1
33333333fd_per_tid = 16
sm = 0x15164f480
stop loc(add)0x15164f480

Memory read sampling results

colidx: 0
a: 0
x: 0
z: 0
p: 0
q: 0
r: 0
others: 0
total: 0
 Phase 8: 
loc(sm) = 0x15164f480

Starting memory sampling
fd_per_tid = 16
measure->nb_threads=1
33333333fd_per_tid = 16
sm = 0x15164f480
measure->nb_threads=1
33333333fd_per_tid = 15
sm = 0x1519f4940
stop loc(add)0x1519f4940

Memory read sampling results

colidx: 0
a: 0
x: 0
z: 0
p: 0
q: 0
r: 0
others: 0
total: 0
 Phase 8: 
loc(sm) = 0x1519f4940

Starting memory sampling
fd_per_tid = 15
measure->nb_threads=1
33333333fd_per_tid = 15
sm = 0x1519f4940
stop loc(add)0x1514dc470

Memory read sampling results

colidx: 0
a: 0
x: 0
z: 0
p: 0
q: 0
r: 0
others: 0
total: 0
 Phase 8: 
loc(sm) = 0x1514dc470

Starting memory sampling
fd_per_tid = 14
measure->nb_threads=1
33333333fd_per_tid = 14
sm = 0x1514dc470
stop loc(add)0x15043af90

Memory read sampling results

colidx: 0
a: 0
x: 0
z: 0
p: 0
q: 0
r: 0
others: 0
total: 0
 Phase 8: 
loc(sm) = 0x15043af90

Starting memory sampling
fd_per_tid = 16
measure->nb_threads=1
33333333fd_per_tid = 16
sm = 0x15043af90
stop loc(add)0x15164f480

Memory read sampling results

colidx: 0
a: 0
x: 0
z: 0
p: 0
q: 0
r: 0
others: 1
total: 1
stop loc(add)0x1519f4940

Memory read sampling results

colidx: 0
a: 0
x: 0
z: 0
p: 0
q: 0
r: 0
others: 1
total: 1
stop loc(add)0x1514dc470

Memory read sampling results

colidx: 0
a: 0
x: 0
z: 0
p: 0
q: 0
r: 0
others: 1
total: 1
stop loc(add)0x15043af90

Memory read sampling results

colidx: 0
a: 0
x: 0
z: 0
p: 0
q: 0
r: 0
others: 1
total: 1

   iteration           ||r||                 zeta
        1       0.13809081711579E-11   499.9996989885352
 sampling_check =            1
 sampling_check =            1
 sampling_check =            1
 sampling_check =            1
        2       0.90138111070714E-15    49.1792921222655
 sampling_check =            1
 sampling_check =            1
 sampling_check =            1
 sampling_check =            1
        3       0.92983328739793E-15    49.7621417781024
 sampling_check =            1
 sampling_check =            1
 sampling_check =            1
 sampling_check =            1
        4       0.96071930853674E-15    50.2476108448528
 sampling_check =            1
 sampling_check =            1
 sampling_check =            1
 sampling_check =            1
        5       0.98906004909768E-15    50.6504113318656
 sampling_check =            1
 sampling_check =            1
 sampling_check =            1
 sampling_check =            1
        6       0.10138384312264E-14    50.9835679329954
 sampling_check =            1
 sampling_check =            1
 sampling_check =            1
 sampling_check =            1
        7       0.10352387305538E-14    51.2584179093586
 sampling_check =            1
 sampling_check =            1
 sampling_check =            1
 sampling_check =            1
        8       0.10538456424269E-14    51.4846993919530
 sampling_check =            1
 sampling_check =            1
 sampling_check =            1
 sampling_check =            1
        9       0.10708785700439E-14    51.6706894462853
 sampling_check =            1
 sampling_check =            1
 sampling_check =            1
 sampling_check =            1
       10       0.10830469209958E-14    51.8233647189939
 sampling_check =            1
 sampling_check =            1
 sampling_check =            1
 sampling_check =            1
       11       0.10937806635707E-14    51.9485666805600
 sampling_check =            1
 sampling_check =            1
 sampling_check =            1
 sampling_check =            1
       12       0.11029114998192E-14    52.0511603649590
 sampling_check =            1
 sampling_check =            1
 sampling_check =            1
 sampling_check =            1
       13       0.11093250831856E-14    52.1351803974302
 sampling_check =            1
 sampling_check =            1
 sampling_check =            1
 sampling_check =            1
       14       0.11152554989305E-14    52.2039614064443
 sampling_check =            1
 sampling_check =            1
 sampling_check =            1
 sampling_check =            1
       15       0.11193084553612E-14    52.2602520412585
 sampling_check =            1
 sampling_check =            1
 sampling_check =            1
 sampling_check =            1
       16       0.11230679822307E-14    52.3063130997597
 sampling_check =            1
 sampling_check =            1
 sampling_check =            1
 sampling_check =            1
       17       0.11250733087739E-14    52.3440009815691
 sampling_check =            1
 sampling_check =            1
 sampling_check =            1
 sampling_check =            1
       18       0.11289208258124E-14    52.3748380152673
 sampling_check =            1
 sampling_check =            1
 sampling_check =            1
 sampling_check =            1
       19       0.11315285254671E-14    52.4000713044044
 sampling_check =            1
 sampling_check =            1
 sampling_check =            1
 sampling_check =            1
       20       0.11341557478956E-14    52.4207216938423
 sampling_check =            1
 sampling_check =            1
 sampling_check =            1
 sampling_check =            1
       21       0.11331821839807E-14    52.4376243380993
 sampling_check =            1
 sampling_check =            1
 sampling_check =            1
 sampling_check =            1
       22       0.11358925381618E-14    52.4514621958400
 sampling_check =            1
 sampling_check =            1
 sampling_check =            1
 sampling_check =            1
       23       0.11357368509532E-14    52.4627936097330
 sampling_check =            1
 sampling_check =            1
 sampling_check =            1
 sampling_check =            1
       24       0.11371695705860E-14    52.4720749669624
 sampling_check =            1
 sampling_check =            1
 sampling_check =            1
 sampling_check =            1
       25       0.11389490414815E-14    52.4796792873470
 sampling_check =            1
 sampling_check =            1
 sampling_check =            1
 sampling_check =            1
       26       0.11386628033088E-14    52.4859114504421
 sampling_check =            1
 sampling_check =            1
 sampling_check =            1
 sampling_check =            1
       27       0.11386768276472E-14    52.4910206572321
 sampling_check =            1
 sampling_check =            1
 sampling_check =            1
 sampling_check =            1
       28       0.11405672666670E-14    52.4952106205697
 sampling_check =            1
 sampling_check =            1
 sampling_check =            1
 sampling_check =            1
       29       0.11426776218522E-14    52.4986478935500
 sampling_check =            1
 sampling_check =            1
 sampling_check =            1
 sampling_check =            1
