cpu name =I7_5960X based on Haswell micro arch - Haswell-E decline - 4th generation Intel Core
 colidx: add:              6331296 size:            163800060
 a: add:            828331648 size:            327600120
 x: add:           1155931768 size:              1200016
 z: add:           1157131784 size:              1200016
 p: add:           1158331800 size:              1200016
 r: add:           1160731832 size:              1200016
 q: add:           1159531816 size:              1200016
 nz:    40950015


 NAS Parallel Benchmarks 3.3 -- CG Benchmark

 Size:     150000
 Iterations:    75
 Number of active processes:     1
 Number of nonzeroes per row:       15
 Eigenvalue shift: .110E+03
phase_counter 0

Event 1 name: 0x5301cd

Event 2 name: 0x5301cd
exe_time: 363846405
loc(6331296) count(5) benefit: 0.000015
loc(828331648) count(4) benefit: 0.000012
loc(1155931768) count(0) benefit: 0.000000
loc(1157131784) count(0) benefit: 0.000000
loc(1158331800) count(248) benefit: 0.000728
loc(1159531816) count(0) benefit: 0.000000
loc(1160731832) count(0) benefit: 0.000000
phase_counter 1

Event 1 name: 0x5301cd

Event 2 name: 0x5301cd
exe_time: 285786
loc(6331296) count(0) benefit: 0.000000
loc(828331648) count(0) benefit: 0.000000
loc(1155931768) count(0) benefit: 0.000000
loc(1157131784) count(0) benefit: 0.000000
loc(1158331800) count(0) benefit: 0.000000
loc(1159531816) count(0) benefit: 0.000000
loc(1160731832) count(0) benefit: 0.000000
phase_counter 2

Event 1 name: 0x5301cd

Event 2 name: 0x5301cd
exe_time: 627588
loc(6331296) count(0) benefit: 0.000000
loc(828331648) count(0) benefit: 0.000000
loc(1155931768) count(0) benefit: 0.000000
loc(1157131784) count(0) benefit: 0.000000
loc(1158331800) count(0) benefit: 0.000000
loc(1159531816) count(0) benefit: 0.000000
loc(1160731832) count(0) benefit: 0.000000
phase_counter 3

Event 1 name: 0x5301cd

Event 2 name: 0x5301cd
exe_time: 1413927
loc(6331296) count(0) benefit: 0.000000
loc(828331648) count(0) benefit: 0.000000
loc(1155931768) count(0) benefit: 0.000000
loc(1157131784) count(0) benefit: 0.000000
loc(1158331800) count(0) benefit: 0.000000
loc(1159531816) count(0) benefit: 0.000000
loc(1160731832) count(0) benefit: 0.000000
phase_counter 4

Event 1 name: 0x5301cd

Event 2 name: 0x5301cd
exe_time: 207219
loc(6331296) count(0) benefit: 0.000000
loc(828331648) count(0) benefit: 0.000000
loc(1155931768) count(0) benefit: 0.000000
loc(1157131784) count(0) benefit: 0.000000
loc(1158331800) count(0) benefit: 0.000000
loc(1159531816) count(0) benefit: 0.000000
loc(1160731832) count(0) benefit: 0.000000
phase_counter 5

Event 1 name: 0x5301cd

Event 2 name: 0x5301cd
exe_time: 2012712
loc(6331296) count(0) benefit: 0.000000
loc(828331648) count(0) benefit: 0.000000
loc(1155931768) count(0) benefit: 0.000000
loc(1157131784) count(0) benefit: 0.000000
loc(1158331800) count(0) benefit: 0.000000
loc(1159531816) count(0) benefit: 0.000000
loc(1160731832) count(1) benefit: 0.000003
phase_counter 6

Event 1 name: 0x5301cd

Event 2 name: 0x5301cd
exe_time: 206385
loc(6331296) count(0) benefit: 0.000000
loc(828331648) count(0) benefit: 0.000000
loc(1155931768) count(0) benefit: 0.000000
loc(1157131784) count(0) benefit: 0.000000
loc(1158331800) count(0) benefit: 0.000000
loc(1159531816) count(0) benefit: 0.000000
loc(1160731832) count(0) benefit: 0.000000
phase_counter 7

Event 1 name: 0x5301cd

Event 2 name: 0x5301cd
exe_time: 531762
loc(6331296) count(0) benefit: 0.000000
loc(828331648) count(0) benefit: 0.000000
loc(1155931768) count(0) benefit: 0.000000
loc(1157131784) count(0) benefit: 0.000000
loc(1158331800) count(0) benefit: 0.000000
loc(1159531816) count(0) benefit: 0.000000
loc(1160731832) count(0) benefit: 0.000000
!!!gloabl loc(6331296) count (5) benefit: 0.000015
!!!gloabl loc(828331648) count (4) benefit: 0.000012
!!!gloabl loc(1155931768) count (0) benefit: 0.000000
!!!gloabl loc(1157131784) count (0) benefit: 0.000000
!!!gloabl loc(1158331800) count (248) benefit: 0.000728
!!!gloabl loc(1159531816) count (0) benefit: 0.000000
!!!gloabl loc(1160731832) count (1) benefit: 0.000003
DRAM = 13203
cache_line_size = 0.000064
zero_one_pack
max_W = 250item size = 0
item size = 0
item size = 0
item size = 0
item size = 0
item size = 0
item size = 0
item size = 0
item size = 0
item size = 0
item size = 0
item size = 0
item size = 0
item size = 0
item size = 0
item size = 0
item size = 0
item size = 0
item size = 0
item size = 0
item size = 0
item size = 0
item size = 0
item size = 0
item size = 0
item size = 0
item size = 0
item size = 0
item size = 0
item size = 0
item size = 0
item size = 0
item size = 0
item size = 0
item size = 0
item size = 0
item size = 0
item size = 0
item size = 0
item size = 0
item size = 0
item size = 0
item size = 0
item size = 0
item size = 0
item size = 0
item size = 0
item size = 0
item size = 0
item size = 0
item size = 0
item size = 0
item size = 0
item size = 0
item size = 0
item size = 0
item size = 0
item size = 0
item size = 0
item size = 0
item size = 0
item size = 0
item size = 0
item size = 0
item size = 0
item size = 0
item size = 0
item size = 0
item size = 0
item size = 0
item size = 0
item size = 0
item size = 0
item size = 0
item size = 0
item size = 0
item size = 0
item size = 0
item size = 0
item size = 0
item size = 0
item size = 0
item size = 0
item size = 0
item size = 0
item size = 0
item size = 0
item size = 0
item size = 0
item size = 0
item size = 0
item size = 0
item size = 0
item size = 0
item size = 0
item size = 0
item size = 0
item size = 0
item size = 0
item size = 0
item size = 0
item size = 0
item size = 0
item size = 0
item size = 0
item size = 0
item size = 0
item size = 0
item size = 0
item size = 0
item size = 0
item size = 0
item size = 0
item size = 0
item size = 0
item size = 0
item size = 0
item size = 0
item size = 0
item size = 0
item size = 0
item size = 0
item size = 0
item size = 0
item size = 0
item size = 0
item size = 0
item size = 0
item size = 0
item size = 0
item size = 0
item size = 0
item size = 0
item size = 0
item size = 0
item size = 0
item size = 0
item size = 0
item size = 0
item size = 0
item size = 0
item size = 0
item size = 0
item size = 0
item size = 0
item size = 0
item size = 0
item size = 0
item size = 0
item size = 0
item size = 0
item size = 0
item size = 0
item size = 0
item size = 0
item size = 0
item size = 0
item size = 0
item size = 0
item size = 0
item size = 0
item size = 0
item size = 0
item size = 0
item size = 0
item size = 0
item size = 0
item size = 0
item size = 0
item size = 0
item size = 0
item size = 0
item size = 0
item size = 0
item size = 0
item size = 0
item size = 0
item size = 0
item size = 0
item size = 0
item size = 0
item size = 0
item size = 0
item size = 0
item size = 0
item size = 0
item size = 0
item size = 0
item size = 0
item size = 0
item size = 0
item size = 0
item size = 0
item size = 0
item size = 0
item size = 0
item size = 0
item size = 0
item size = 0
item size = 0
item size = 0
item size = 0
item size = 0
item size = 0
item size = 0
item size = 0
item size = 0
item size = 0
item size = 0
item size = 0
item size = 0
item size = 0
item size = 0
item size = 0
item size = 0
item size = 0
item size = 0
item size = 0
item size = 0
item size = 0
item size = 0
item size = 0
item size = 0
item size = 0
item size = 0
item size = 0
item size = 0
item size = 0
item size = 0
item size = 0
item size = 0
item size = 0
item size = 0
item size = 0
item size = 0
item size = 0
item size = 0
item size = 0
item size = 0
item size = 0
item size = 0
item size = 0
item size = 0
item size = 0
item size = 0
item size = 0
item size = 0
item size = 0
item size = 0
item size = 0
item size = 0
item size = 164
item size = 164
item size = 164
item size = 164
item size = 164
item size = 164
item size = 164
item size = 164
item size = 164
item size = 164
item size = 164
item size = 164
item size = 164
item size = 164
item size = 164
item size = 164
item size = 164
item size = 164
item size = 164
item size = 164
item size = 164
item size = 164
item size = 164
item size = 164
item size = 164
item size = 164
item size = 164
item size = 164
item size = 164
item size = 164
item size = 164
item size = 164
item size = 164
item size = 164
item size = 164
item size = 164
item size = 164
item size = 164
item size = 164
item size = 164
item size = 164
item size = 164
item size = 164
item size = 164
item size = 164
item size = 164
item size = 164
item size = 164
item size = 164
item size = 164
item size = 164
item size = 164
item size = 164
item size = 164
item size = 164
item size = 164
item size = 164
item size = 164
item size = 164
item size = 164
item size = 164
item size = 164
item size = 164
item size = 164
item size = 164
item size = 164
item size = 164
item size = 164
item size = 164
item size = 164
item size = 164
item size = 164
item size = 164
item size = 164
item size = 164
item size = 164
item size = 164
item size = 164
item size = 164
item size = 164
item size = 164
item size = 164
item size = 164
item size = 164
item size = 164
item size = 164
item size = 164
item size = 164
item size = 164
item size = 164
item size = 164
item size = 164
item size = 164
item size = 164
item size = 164
item size = 164
item size = 164
item size = 164
item size = 164
item size = 164
item size = 164
item size = 164
item size = 164
item size = 164
item size = 164
item size = 164
item size = 164
item size = 164
item size = 164
item size = 164
item size = 164
item size = 164
item size = 164
item size = 164
item size = 164
item size = 164
item size = 164
item size = 164
item size = 164
item size = 164
item size = 164
item size = 164
item size = 164
item size = 164
item size = 164
item size = 164
item size = 164
item size = 164
item size = 164
item size = 164
item size = 164
item size = 164
item size = 164
item size = 164
item size = 164
item size = 164
item size = 164
item size = 164
item size = 164
item size = 164
item size = 164
item size = 164
item size = 164
item size = 164
item size = 164
item size = 164
item size = 164
item size = 164
item size = 164
item size = 164
item size = 164
item size = 164
item size = 164
item size = 164
item size = 164
item size = 164
item size = 164
item size = 164
item size = 164
item size = 164
item size = 164
item size = 164
item size = 164
item size = 164
item size = 164
item size = 164
item size = 164
item size = 164
item size = 164
item size = 164
item size = 164
item size = 164
item size = 164
item size = 164
item size = 164
item size = 164
item size = 164
item size = 164
item size = 164
item size = 164
item size = 164
item size = 164
item size = 164
item size = 164
item size = 164
item size = 164
item size = 164
item size = 164
item size = 164
item size = 164
item size = 164
item size = 164
item size = 164
item size = 164
item size = 164
item size = 164
item size = 164
item size = 164
item size = 164
item size = 164
item size = 164
item size = 164
item size = 164
item size = 164
item size = 164
item size = 164
item size = 164
item size = 164
item size = 164
item size = 164
item size = 164
item size = 164
item size = 164
item size = 164
item size = 164
item size = 164
item size = 164
item size = 164
item size = 164
item size = 164
item size = 164
item size = 164
item size = 164
item size = 164
item size = 164
item size = 164
item size = 164
item size = 164
item size = 164
item size = 164
item size = 164
item size = 164
item size = 164
item size = 164
item size = 164
item size = 164
item size = 164
item size = 164
item size = 164
item size = 164
item size = 164
item size = 164
item size = 164
item size = 164
item size = 164
item size = 164
item size = 164
item size = 164
item size = 164
item size = 164
item size = 164
item size = 328
item size = 328
item size = 328
item size = 328
item size = 328
item size = 328
item size = 328
item size = 328
item size = 328
item size = 328
item size = 328
item size = 328
item size = 328
item size = 328
item size = 328
item size = 328
item size = 328
item size = 328
item size = 328
item size = 328
item size = 328
item size = 328
item size = 328
item size = 328
item size = 328
item size = 328
item size = 328
item size = 328
item size = 328
item size = 328
item size = 328
item size = 328
item size = 328
item size = 328
item size = 328
item size = 328
item size = 328
item size = 328
item size = 328
item size = 328
item size = 328
item size = 328
item size = 328
item size = 328
item size = 328
item size = 328
item size = 328
item size = 328
item size = 328
item size = 328
item size = 328
item size = 328
item size = 328
item size = 328
item size = 328
item size = 328
item size = 328
item size = 328
item size = 328
item size = 328
item size = 328
item size = 328
item size = 328
item size = 328
item size = 328
item size = 328
item size = 328
item size = 328
item size = 328
item size = 328
item size = 328
item size = 328
item size = 328
item size = 328
item size = 328
item size = 328
item size = 328
item size = 328
item size = 328
item size = 328
item size = 328
item size = 328
item size = 328
item size = 328
item size = 328
item size = 328
item size = 328
item size = 328
item size = 328
item size = 328
item size = 328
item size = 328
item size = 328
item size = 328
item size = 328
item size = 328
item size = 328
item size = 328
item size = 328
item size = 328
item size = 328
item size = 328
item size = 328
item size = 328
item size = 328
item size = 328
item size = 328
item size = 328
item size = 328
item size = 328
item size = 328
item size = 328
item size = 328
item size = 328
item size = 328
item size = 328
item size = 328
item size = 328
item size = 328
item size = 328
item size = 328
item size = 328
item size = 328
item size = 328
item size = 328
item size = 328
item size = 328
item size = 328
item size = 328
item size = 328
item size = 328
item size = 328
item size = 328
item size = 328
item size = 328
item size = 328
item size = 328
item size = 328
item size = 328
item size = 328
item size = 328
item size = 328
item size = 328
item size = 328
item size = 328
item size = 328
item size = 328
item size = 328
item size = 328
item size = 328
item size = 328
item size = 328
item size = 328
item size = 328
item size = 328
item size = 328
item size = 328
item size = 328
item size = 328
item size = 328
item size = 328
item size = 328
item size = 328
item size = 328
item size = 328
item size = 328
item size = 328
item size = 328
item size = 328
item size = 328
item size = 328
item size = 328
item size = 328
item size = 328
item size = 328
item size = 328
item size = 328
item size = 328
item size = 328
item size = 328
item size = 328
item size = 328
item size = 328
item size = 328
item size = 328
item size = 328
item size = 328
item size = 328
item size = 328
item size = 328
item size = 328
item size = 328
item size = 328
item size = 328
item size = 328
item size = 328
item size = 328
item size = 328
item size = 328
item size = 328
item size = 328
item size = 328
item size = 328
item size = 328
item size = 328
item size = 328
item size = 328
item size = 328
item size = 328
item size = 328
item size = 328
item size = 328
item size = 328
item size = 328
item size = 328
item size = 328
item size = 328
item size = 328
item size = 328
item size = 328
item size = 328
item size = 328
item size = 328
item size = 328
item size = 328
item size = 328
item size = 328
item size = 328
item size = 328
item size = 328
item size = 328
item size = 328
item size = 328
item size = 328
item size = 328
item size = 328
item size = 328
item size = 328
item size = 328
item size = 328
item size = 328
item size = 328
item size = 328
item size = 328
item size = 328
item size = 328
item size = 328
item size = 328
item size = 328
item size = 328
item size = 328
item size = 1
item size = 1
item size = 1
item size = 1
item size = 1
item size = 1
item size = 1
item size = 1
item size = 1
item size = 1
item size = 1
item size = 1
item size = 1
item size = 1
item size = 1
item size = 1
item size = 1
item size = 1
item size = 1
item size = 1
item size = 1
item size = 1
item size = 1
item size = 1
item size = 1
item size = 1
item size = 1
item size = 1
item size = 1
item size = 1
item size = 1
item size = 1
item size = 1
item size = 1
item size = 1
item size = 1
item size = 1
item size = 1
item size = 1
item size = 1
item size = 1
item size = 1
item size = 1
item size = 1
item size = 1
item size = 1
item size = 1
item size = 1
item size = 1
item size = 1
item size = 1
item size = 1
item size = 1
item size = 1
item size = 1
item size = 1
item size = 1
item size = 1
item size = 1
item size = 1
item size = 1
item size = 1
item size = 1
item size = 1
item size = 1
item size = 1
item size = 1
item size = 1
item size = 1
item size = 1
item size = 1
item size = 1
item size = 1
item size = 1
item size = 1
item size = 1
item size = 1
item size = 1
item size = 1
item size = 1
item size = 1
item size = 1
item size = 1
item size = 1
item size = 1
item size = 1
item size = 1
item size = 1
item size = 1
item size = 1
item size = 1
item size = 1
item size = 1
item size = 1
item size = 1
item size = 1
item size = 1
item size = 1
item size = 1
item size = 1
item size = 1
item size = 1
item size = 1
item size = 1
item size = 1
item size = 1
item size = 1
item size = 1
item size = 1
item size = 1
item size = 1
item size = 1
item size = 1
item size = 1
item size = 1
item size = 1
item size = 1
item size = 1
item size = 1
item size = 1
item size = 1
item size = 1
item size = 1
item size = 1
item size = 1
item size = 1
item size = 1
item size = 1
item size = 1
item size = 1
item size = 1
item size = 1
item size = 1
item size = 1
item size = 1
item size = 1
item size = 1
item size = 1
item size = 1
item size = 1
item size = 1
item size = 1
item size = 1
item size = 1
item size = 1
item size = 1
item size = 1
item size = 1
item size = 1
item size = 1
item size = 1
item size = 1
item size = 1
item size = 1
item size = 1
item size = 1
item size = 1
item size = 1
item size = 1
item size = 1
item size = 1
item size = 1
item size = 1
item size = 1
item size = 1
item size = 1
item size = 1
item size = 1
item size = 1
item size = 1
item size = 1
item size = 1
item size = 1
item size = 1
item size = 1
item size = 1
item size = 1
item size = 1
item size = 1
item size = 1
item size = 1
item size = 1
item size = 1
item size = 1
item size = 1
item size = 1
item size = 1
item size = 1
item size = 1
item size = 1
item size = 1
item size = 1
item size = 1
item size = 1
item size = 1
item size = 1
item size = 1
item size = 1
item size = 1
item size = 1
item size = 1
item size = 1
item size = 1
item size = 1
item size = 1
item size = 1
item size = 1
item size = 1
item size = 1
item size = 1
item size = 1
item size = 1
item size = 1
item size = 1
item size = 1
item size = 1
item size = 1
item size = 1
item size = 1
item size = 1
item size = 1
item size = 1
item size = 1
item size = 1
item size = 1
item size = 1
item size = 1
item size = 1
item size = 1
item size = 1
item size = 1
item size = 1
item size = 1
item size = 1
item size = 1
item size = 1
item size = 1
item size = 1
item size = 1
item size = 1
item size = 1
item size = 1
item size = 1
item size = 1
item size = 1
item size = 1
item size = 1
item size = 1
item size = 1
item size = 1
item size = 1
item size = 1
item size = 1
item size = 1
item size = 1
item size = 1
item size = 1
item size = 1
item size = 1
item size = 1
item size = 1
item size = 1
item size = 1
item size = 1
item size = 1
item size = 1
item size = 1
item size = 1
item size = 1
item size = 1
item size = 1
item size = 1
item size = 1
item size = 1
item size = 1
item size = 1
item size = 1
item size = 1
item size = 1
item size = 1
item size = 1
item size = 1
item size = 1
item size = 1
item size = 1
item size = 1
item size = 1
item size = 1
item size = 1
item size = 1
item size = 1
item size = 1
item size = 1
item size = 1
item size = 1
item size = 1
item size = 1
item size = 1
item size = 1
item size = 1
item size = 1
item size = 1
item size = 1
item size = 1
item size = 1
item size = 1
item size = 1
item size = 1
item size = 1
item size = 1
item size = 1
item size = 1
item size = 1
item size = 1
item size = 1
item size = 1
item size = 1
item size = 1
item size = 1
item size = 1
item size = 1
item size = 1
item size = 1
item size = 1
item size = 1
item size = 1
item size = 1
item size = 1
item size = 1
item size = 1
item size = 1
item size = 1
item size = 1
item size = 1
item size = 1
item size = 1
item size = 1
item size = 1
item size = 1
item size = 1
item size = 1
item size = 1
item size = 1
item size = 1
item size = 1
item size = 1
item size = 1
item size = 1
item size = 1
item size = 1
item size = 1
item size = 1
item size = 1
item size = 1
item size = 1
item size = 1
item size = 1
item size = 1
item size = 1
item size = 1
item size = 1
item size = 1
item size = 1
item size = 1
item size = 1
item size = 1
item size = 1
item size = 1
item size = 1
item size = 1
item size = 1
item size = 1
item size = 1
item size = 1
item size = 1
item size = 1
item size = 1
item size = 1
item size = 1
item size = 1
item size = 1
item size = 1
item size = 1
item size = 1
item size = 1
item size = 1
item size = 1
item size = 1
item size = 1
item size = 1
item size = 1
item size = 1
item size = 1
item size = 1
item size = 1
item size = 1
item size = 1
item size = 1
item size = 1
item size = 1
item size = 1
item size = 1
item size = 1
item size = 1
item size = 1
item size = 1
item size = 1
item size = 1
item size = 1
item size = 1
item size = 1
item size = 1
item size = 1
item size = 1
item size = 1
item size = 1
item size = 1
item size = 1
item size = 1
item size = 1
item size = 1
item size = 1
item size = 1
item size = 1
item size = 1
item size = 1
item size = 1
item size = 1
item size = 1
item size = 1
item size = 1
item size = 1
item size = 1
item size = 1
item size = 1
item size = 1
item size = 1
item size = 1
item size = 1
item size = 1
item size = 1
item size = 1
item size = 1
item size = 1
item size = 1
item size = 1
item size = 1
item size = 1
item size = 1
item size = 1
item size = 1
item size = 1
item size = 1
item size = 1
item size = 1
item size = 1
item size = 1
item size = 1
item size = 1
item size = 1
item size = 1
item size = 1
item size = 1
item size = 1
item size = 1
item size = 1
item size = 1
item size = 1
item size = 1
item size = 1
item size = 1
item size = 1
item size = 1
item size = 1
item size = 1
item size = 1
item size = 1
item size = 1
item size = 1
item size = 1
item size = 1
item size = 1
item size = 1
item size = 1
item size = 1
item size = 1
item size = 1
item size = 1
item size = 1
item size = 1
item size = 1
item size = 1
item size = 1
item size = 1
item size = 1
item size = 1
item size = 1
item size = 1
item size = 1
item size = 1
item size = 1
item size = 1
item size = 1
item size = 1
item size = 1
item size = 1
item size = 1
item size = 1
item size = 1
item size = 1
item size = 1
item size = 1
item size = 1
item size = 1
item size = 1
item size = 1
item size = 1
item size = 1
item size = 1
item size = 1
item size = 1
item size = 1
item size = 1
item size = 1
item size = 1
item size = 1
item size = 1
item size = 1
item size = 1
item size = 1
item size = 1
item size = 1
item size = 1
item size = 1
item size = 1
item size = 1
item size = 1
item size = 1
item size = 1
item size = 1
item size = 1
item size = 1
item size = 1
item size = 1
item size = 1
item size = 1
item size = 1
item size = 1
item size = 1
item size = 1
item size = 1
item size = 1
item size = 1
item size = 1
item size = 1
item size = 1
item size = 1
item size = 1
item size = 1
item size = 1
item size = 1
item size = 1
item size = 1
item size = 1
item size = 1
item size = 1
item size = 1
item size = 1
item size = 1
item size = 1
item size = 1
item size = 1
item size = 1
item size = 1
item size = 1
item size = 1
item size = 1
item size = 1
item size = 1
item size = 1
item size = 1
item size = 1
item size = 1
item size = 1
item size = 1
item size = 1
item size = 1
item size = 1
item size = 1
item size = 1
item size = 1
item size = 1
item size = 1
item size = 1
item size = 1
item size = 1
item size = 1
item size = 1
item size = 1
item size = 1
item size = 1
item size = 1
item size = 1
item size = 1
item size = 1
item size = 1
item size = 1
item size = 1
item size = 1
item size = 1
item size = 1
item size = 1
item size = 1
item size = 1
item size = 1
item size = 1
item size = 1
item size = 1
item size = 1
item size = 1
item size = 1
item size = 1
item size = 1
item size = 1
item size = 1
item size = 1
item size = 1
item size = 1
item size = 1
item size = 1
item size = 1
item size = 1
item size = 1
item size = 1
item size = 1
item size = 1
item size = 1
item size = 1
item size = 1
item size = 1
item size = 1
item size = 1
item size = 1
item size = 1
item size = 1
item size = 1
item size = 1
item size = 1
item size = 1
item size = 1
item size = 1
item size = 1
item size = 1
item size = 1
item size = 1
item size = 1
item size = 1
item size = 1
item size = 1
item size = 1
item size = 1
item size = 1
item size = 1
item size = 1
item size = 1
item size = 1
item size = 1
item size = 1
item size = 1
item size = 1
item size = 1
item size = 1
item size = 1
item size = 1
item size = 1
item size = 1
item size = 1
item size = 1
item size = 1
item size = 1
item size = 1
item size = 1
item size = 1
item size = 1
item size = 1
item size = 1
item size = 1
item size = 1
item size = 1
item size = 1
item size = 1
item size = 1
item size = 1
item size = 1
item size = 1
item size = 1
item size = 1
item size = 1
item size = 1
item size = 1
item size = 1
item size = 1
item size = 1
item size = 1
item size = 1
item size = 1
item size = 1
item size = 1
item size = 1
item size = 1
item size = 1
item size = 1
item size = 1
item size = 1
item size = 1
item size = 1
item size = 1
item size = 1
item size = 1
item size = 1
item size = 1
item size = 1
item size = 1
item size = 1
item size = 1
item size = 1
item size = 1
item size = 1
item size = 1
item size = 1
item size = 1
item size = 1
item size = 1
item size = 1
item size = 1
item size = 1
item size = 1
item size = 1
item size = 1
item size = 1
item size = 1
item size = 1
item size = 1
item size = 1
item size = 1
item size = 1
item size = 1
item size = 1
item size = 1
item size = 1
item size = 1
item size = 1
item size = 1
item size = 1
item size = 1
item size = 1
item size = 1
item size = 1
item size = 1
item size = 1
item size = 1
item size = 1
item size = 1
item size = 1
item size = 1
item size = 1
item size = 1
item size = 1
item size = 1
item size = 1
item size = 1
item size = 1
item size = 1
item size = 1
item size = 1
item size = 1
item size = 1
item size = 1
item size = 1
item size = 1
item size = 1
item size = 1
item size = 1
item size = 1
item size = 1
item size = 1
item size = 1
item size = 1
item size = 1
item size = 1
item size = 1
item size = 1
item size = 1
item size = 1
item size = 1
item size = 1
item size = 1
item size = 1
item size = 1
item size = 1
item size = 1
item size = 1
item size = 1
item size = 1
item size = 1
item size = 1
item size = 1
item size = 1
item size = 1
item size = 1
item size = 1
item size = 1
item size = 1
item size = 1
item size = 1
item size = 1
item size = 1
item size = 1
item size = 1
item size = 1
item size = 1
item size = 1
item size = 1
item size = 1
item size = 1
item size = 1
item size = 1
item size = 1
item size = 1
item size = 1
item size = 1
item size = 1
item size = 1
item size = 1
item size = 1
item size = 1
item size = 1
item size = 1
item size = 1
item size = 1
item size = 1
item size = 1
item size = 1
item size = 1
item size = 1
item size = 1
item size = 1
item size = 1
item size = 1
item size = 1
item size = 1
item size = 1
item size = 1
item size = 1
item size = 1
item size = 1
item size = 1
item size = 1
item size = 1
item size = 1
item size = 1
item size = 1
item size = 1
item size = 1
item size = 1
item size = 1
item size = 1
item size = 1
item size = 1
item size = 1
item size = 1
item size = 1
item size = 1
item size = 1
item size = 1
item size = 1
item size = 1
item size = 1
item size = 1
item size = 1
item size = 1
item size = 1
item size = 1
item size = 1
item size = 1
item size = 1
item size = 1
item size = 1
item size = 1
item size = 1
item size = 1
item size = 1
item size = 1
item size = 1
item size = 1
item size = 1
item size = 1
item size = 1
item size = 1
item size = 1
item size = 1
item size = 1
item size = 1
item size = 1
item size = 1
item size = 1
item size = 1
item size = 1
item size = 1
item size = 1
item size = 1
item size = 1
item size = 1
item size = 1
item size = 1
item size = 1
item size = 1
item size = 1
item size = 1
item size = 1
item size = 1
item size = 1
item size = 1
item size = 1
item size = 1
item size = 1
item size = 1
item size = 1
item size = 1
item size = 1
item size = 1
item size = 1
item size = 1
item size = 1
item size = 1
item size = 1
item size = 1
item size = 1
item size = 1
item size = 1
item size = 1
item size = 1
item size = 1
item size = 1
item size = 1
item size = 1
item size = 1
item size = 1
item size = 1
item size = 1
item size = 1
item size = 1
item size = 1
item size = 1
item size = 1
item size = 1
item size = 1
item size = 1
item size = 1
item size = 1
item size = 1
item size = 1
item size = 1
item size = 1
item size = 1
item size = 1
item size = 1
item size = 1
item size = 1
item size = 1
item size = 1
item size = 1
item size = 1
item size = 1
item size = 1
item size = 1
item size = 1
item size = 1
item size = 1
item size = 1
item size = 1
item size = 1
item size = 1
item size = 1
item size = 1
item size = 1
item size = 1
item size = 1
item size = 1
item size = 1
item size = 1
item size = 1
item size = 1
item size = 1
item size = 1
item size = 1
item size = 1
item size = 1
item size = 1
item size = 1
item size = 1
item size = 1
item size = 1
item size = 1
item size = 1
item size = 1
item size = 1
item size = 1
item size = 1
item size = 1
item size = 1
item size = 1
item size = 1
item size = 1
item size = 1
item size = 1
item size = 1
item size = 1
item size = 1
item size = 1
item size = 1
item size = 1
item size = 1
item size = 1
item size = 1
item size = 1
item size = 1
item size = 1
item size = 1
item size = 1
item size = 1
item size = 1
item size = 1
item size = 1
item size = 1
item size = 1
item size = 1
item size = 1
item size = 1
item size = 1
item size = 1
item size = 1
item size = 1
item size = 1
item size = 1
item size = 1
item size = 1
item size = 1
item size = 1
item size = 1
item size = 1
item size = 1
item size = 1
item size = 1
item size = 1
item size = 1
item size = 1
item size = 1
item size = 1
item size = 1
item size = 1
item size = 1
item size = 1
item size = 1
item size = 1
item size = 1
item size = 1
item size = 1
item size = 1
item size = 1
item size = 1
item size = 1
item size = 1
item size = 1
item size = 1
item size = 1
item size = 1
item size = 1
item size = 1
item size = 1
item size = 1
item size = 1
item size = 1
item size = 1
item size = 1
item size = 1
item size = 1
item size = 1
item size = 1
item size = 1
item size = 1
item size = 1
item size = 1
item size = 1
item size = 1
item size = 1
item size = 1
item size = 1
item size = 1
item size = 1
item size = 1
item size = 1
item size = 1
item size = 1
item size = 1
item size = 1
item size = 1
item size = 1
item size = 1
item size = 1
item size = 1
item size = 1
item size = 1
item size = 1
item size = 1
item size = 1
item size = 1
item size = 1
item size = 1
item size = 1
item size = 1
item size = 1
item size = 1
item size = 1
item size = 1
item size = 1
item size = 1
item size = 1
item size = 1
item size = 1
item size = 1
item size = 1
item size = 1
item size = 1
item size = 1
item size = 1
item size = 1
item size = 1
item size = 1
item size = 1
item size = 1
item size = 1
item size = 1
item size = 1
item size = 1
item size = 1
item size = 1
item size = 1
item size = 1
item size = 1
item size = 1
item size = 1
item size = 1
item size = 1
item size = 1
item size = 1
item size = 1
item size = 1
item size = 1
item size = 1
item size = 1
item size = 1
item size = 1
item size = 1
item size = 1
item size = 1
item size = 1
item size = 1
item size = 1
item size = 1
item size = 1
item size = 1
item size = 1
item size = 1
item size = 1
item size = 1
item size = 1
item size = 1
item size = 1
item size = 1
item size = 1
item size = 1
item size = 1
item size = 1
item size = 1
item size = 1
item size = 1
item size = 1
item size = 1
item size = 1
item size = 1
item size = 1
item size = 1
item size = 1
item size = 1
item size = 1
item size = 1
item size = 1
item size = 1
item size = 1
item size = 1
item size = 1
item size = 1
item size = 1
item size = 1
item size = 1
item size = 1
item size = 1
item size = 1
item size = 1
item size = 1
item size = 1
item size = 1
item size = 1
item size = 1
item size = 1
item size = 1
item size = 1
item size = 1
item size = 1
item size = 1
item size = 1
item size = 1
item size = 1
item size = 1
item size = 1
item size = 1
item size = 1
item size = 1
item size = 1
item size = 1
item size = 1
item size = 1
item size = 1
item size = 1
item size = 1
item size = 1
item size = 1
item size = 1
item size = 1
item size = 1
item size = 1
item size = 1
item size = 1
item size = 1
item size = 1
item size = 1
item size = 1
item size = 1
item size = 1
item size = 1
item size = 1
item size = 1
item size = 1
item size = 1
max = 0.000000
